{"/home/runner/work/angular-miniprogram/angular-miniprogram/src/builder/application/const.ts": {"path":"/home/runner/work/angular-miniprogram/angular-miniprogram/src/builder/application/const.ts","statementMap":{"0":{"start":{"line":1,"column":13},"end":{"line":3,"column":2}},"1":{"start":{"line":4,"column":13},"end":{"line":4,"column":57}},"2":{"start":{"line":5,"column":13},"end":{"line":5,"column":59}},"3":{"start":{"line":6,"column":13},"end":{"line":6,"column":69}}},"fnMap":{},"branchMap":{},"s":{"0":1,"1":1,"2":1,"3":1},"f":{},"b":{}}
,"/home/runner/work/angular-miniprogram/angular-miniprogram/src/builder/application/index.ts": {"path":"/home/runner/work/angular-miniprogram/angular-miniprogram/src/builder/application/index.ts","statementMap":{"0":{"start":{"line":2,"column":0},"end":{"line":2,"column":58}},"1":{"start":{"line":7,"column":0},"end":{"line":7,"column":70}},"2":{"start":{"line":8,"column":0},"end":{"line":8,"column":43}},"3":{"start":{"line":11,"column":0},"end":{"line":11,"column":82}},"4":{"start":{"line":12,"column":0},"end":{"line":12,"column":91}},"5":{"start":{"line":14,"column":0},"end":{"line":25,"column":2}},"6":{"start":{"line":23,"column":4},"end":{"line":23,"column":47}},"7":{"start":{"line":35,"column":2},"end":{"line":59,"column":5}},"8":{"start":{"line":36,"column":67},"end":{"line":58,"column":null}},"9":{"start":{"line":37,"column":23},"end":{"line":53,"column":8}},"10":{"start":{"line":43,"column":14},"end":{"line":48,"column":16}},"11":{"start":{"line":54,"column":21},"end":{"line":54,"column":68}},"12":{"start":{"line":55,"column":6},"end":{"line":55,"column":20}},"13":{"start":{"line":56,"column":6},"end":{"line":56,"column":28}},"14":{"start":{"line":57,"column":6},"end":{"line":57,"column":21}},"15":{"start":{"line":27,"column":0},"end":{"line":27,"column":16}}},"fnMap":{"0":{"name":"(anonymous_7)","decl":{"start":{"line":15,"column":2},"end":{"line":15,"column":null}},"loc":{"start":{"line":22,"column":48},"end":{"line":24,"column":3}}},"1":{"name":"runBuilder","decl":{"start":{"line":27,"column":16},"end":{"line":27,"column":26}},"loc":{"start":{"line":33,"column":25},"end":{"line":60,"column":1}}},"2":{"name":"(anonymous_9)","decl":{"start":{"line":36,"column":26},"end":{"line":36,"column":33}},"loc":{"start":{"line":36,"column":67},"end":{"line":58,"column":null}}},"3":{"name":"(anonymous_10)","decl":{"start":{"line":36,"column":67},"end":{"line":36,"column":null}},"loc":{"start":{"line":36,"column":67},"end":{"line":58,"column":5}}},"4":{"name":"(anonymous_11)","decl":{"start":{"line":42,"column":24},"end":{"line":42,"column":25}},"loc":{"start":{"line":42,"column":47},"end":{"line":49,"column":13}}}},"branchMap":{},"s":{"0":1,"1":1,"2":1,"3":1,"4":1,"5":1,"6":0,"7":9,"8":9,"9":9,"10":9,"11":9,"12":9,"13":9,"14":9,"15":1},"f":{"0":0,"1":9,"2":9,"3":9,"4":9},"b":{}}
,"/home/runner/work/angular-miniprogram/angular-miniprogram/src/builder/application/library-template-scope.service.ts": {"path":"/home/runner/work/angular-miniprogram/angular-miniprogram/src/builder/application/library-template-scope.service.ts","statementMap":{"0":{"start":{"line":2,"column":0},"end":{"line":2,"column":45}},"1":{"start":{"line":4,"column":0},"end":{"line":4,"column":46}},"2":{"start":{"line":22,"column":10},"end":{"line":22,"column":76}},"3":{"start":{"line":23,"column":10},"end":{"line":23,"column":80}},"4":{"start":{"line":77,"column":2},"end":{"line":88,"column":4}},"5":{"start":{"line":81,"column":36},"end":{"line":83,"column":48}},"6":{"start":{"line":84,"column":4},"end":{"line":87,"column":7}},"7":{"start":{"line":90,"column":2},"end":{"line":95,"column":4}},"8":{"start":{"line":94,"column":4},"end":{"line":94,"column":78}},"9":{"start":{"line":27,"column":5},"end":{"line":30,"column":30}},"10":{"start":{"line":37,"column":10},"end":{"line":37,"column":12}},"11":{"start":{"line":38,"column":4},"end":{"line":56,"column":7}},"12":{"start":{"line":39,"column":24},"end":{"line":41,"column":8}},"13":{"start":{"line":45,"column":6},"end":{"line":55,"column":7}},"14":{"start":{"line":46,"column":27},"end":{"line":46,"column":43}},"15":{"start":{"line":47,"column":29},"end":{"line":49,"column":null}},"16":{"start":{"line":51,"column":8},"end":{"line":54,"column":11}},"17":{"start":{"line":57,"column":4},"end":{"line":57,"column":16}},"18":{"start":{"line":60,"column":46},"end":{"line":60,"column":48}},"19":{"start":{"line":61,"column":4},"end":{"line":74,"column":7}},"20":{"start":{"line":62,"column":24},"end":{"line":64,"column":8}},"21":{"start":{"line":68,"column":6},"end":{"line":73,"column":7}},"22":{"start":{"line":69,"column":8},"end":{"line":71,"column":9}},"23":{"start":{"line":70,"column":10},"end":{"line":70,"column":19}},"24":{"start":{"line":72,"column":8},"end":{"line":72,"column":72}},"25":{"start":{"line":75,"column":4},"end":{"line":75,"column":21}},"26":{"start":{"line":20,"column":0},"end":{"line":20,"column":null}},"27":{"start":{"line":21,"column":13},"end":{"line":21,"column":null}}},"fnMap":{"0":{"name":"(anonymous_6)","decl":{"start":{"line":25,"column":2},"end":{"line":25,"column":17}},"loc":{"start":{"line":25,"column":2},"end":{"line":25,"column":18}}},"1":{"name":"(anonymous_7)","decl":{"start":{"line":77,"column":31},"end":{"line":77,"column":null}},"loc":{"start":{"line":80,"column":6},"end":{"line":88,"column":3}}},"2":{"name":"(anonymous_8)","decl":{"start":{"line":90,"column":33},"end":{"line":90,"column":null}},"loc":{"start":{"line":93,"column":6},"end":{"line":95,"column":3}}},"3":{"name":"(anonymous_9)","decl":{"start":{"line":26,"column":2},"end":{"line":26,"column":10}},"loc":{"start":{"line":26,"column":43},"end":{"line":31,"column":3}}},"4":{"name":"(anonymous_10)","decl":{"start":{"line":33,"column":2},"end":{"line":33,"column":30}},"loc":{"start":{"line":33,"column":30},"end":{"line":58,"column":3}}},"5":{"name":"(anonymous_11)","decl":{"start":{"line":38,"column":46},"end":{"line":38,"column":47}},"loc":{"start":{"line":38,"column":68},"end":{"line":56,"column":5}}},"6":{"name":"(anonymous_12)","decl":{"start":{"line":59,"column":2},"end":{"line":59,"column":23}},"loc":{"start":{"line":59,"column":23},"end":{"line":76,"column":3}}},"7":{"name":"(anonymous_13)","decl":{"start":{"line":61,"column":46},"end":{"line":61,"column":47}},"loc":{"start":{"line":61,"column":68},"end":{"line":74,"column":5}}},"8":{"name":"LibraryTemplateScopeService_Factory","decl":{"start":{"line":21,"column":13},"end":{"line":21,"column":40}},"loc":{"start":{"line":21,"column":13},"end":{"line":21,"column":null}}}},"branchMap":{"0":{"loc":{"start":{"line":81,"column":36},"end":{"line":83,"column":48}},"type":"binary-expr","locations":[{"start":{"line":81,"column":36},"end":{"line":82,"column":null}},{"start":{"line":83,"column":9},"end":{"line":83,"column":48}}]},"1":{"loc":{"start":{"line":39,"column":24},"end":{"line":41,"column":8}},"type":"binary-expr","locations":[{"start":{"line":39,"column":24},"end":{"line":39,"column":73}},{"start":{"line":39,"column":77},"end":{"line":41,"column":8}}]},"2":{"loc":{"start":{"line":62,"column":24},"end":{"line":64,"column":8}},"type":"binary-expr","locations":[{"start":{"line":62,"column":24},"end":{"line":62,"column":73}},{"start":{"line":62,"column":77},"end":{"line":64,"column":8}}]},"3":{"loc":{"start":{"line":69,"column":8},"end":{"line":71,"column":9}},"type":"if","locations":[{"start":{"line":69,"column":8},"end":{"line":71,"column":9}},{"start":{"line":69,"column":8},"end":{"line":71,"column":9}}]},"4":{"loc":{"start":{"line":21,"column":13},"end":{"line":21,"column":40}},"type":"binary-expr","locations":[{"start":{"line":21,"column":13},"end":{"line":21,"column":40}},{"start":{"line":21,"column":13},"end":{"line":21,"column":40}}]}},"s":{"0":1,"1":1,"2":9,"3":9,"4":9,"5":10,"6":10,"7":9,"8":10,"9":10,"10":10,"11":10,"12":10,"13":10,"14":150,"15":150,"16":150,"17":10,"18":10,"19":10,"20":10,"21":10,"22":150,"23":140,"24":10,"25":10,"26":1,"27":11},"f":{"0":9,"1":10,"2":10,"3":10,"4":10,"5":10,"6":10,"7":10,"8":9},"b":{"0":[10,9],"1":[10,0],"2":[10,0],"3":[140,10],"4":[9,9]}}
,"/home/runner/work/angular-miniprogram/angular-miniprogram/src/builder/application/mini-program-application-analysis.service.ts": {"path":"/home/runner/work/angular-miniprogram/angular-miniprogram/src/builder/application/mini-program-application-analysis.service.ts","statementMap":{"0":{"start":{"line":3,"column":0},"end":{"line":3,"column":64}},"1":{"start":{"line":4,"column":0},"end":{"line":4,"column":65}},"2":{"start":{"line":5,"column":0},"end":{"line":5,"column":36}},"3":{"start":{"line":6,"column":0},"end":{"line":6,"column":56}},"4":{"start":{"line":7,"column":0},"end":{"line":7,"column":29}},"5":{"start":{"line":8,"column":0},"end":{"line":8,"column":63}},"6":{"start":{"line":9,"column":0},"end":{"line":9,"column":28}},"7":{"start":{"line":12,"column":0},"end":{"line":12,"column":52}},"8":{"start":{"line":13,"column":0},"end":{"line":13,"column":70}},"9":{"start":{"line":14,"column":0},"end":{"line":14,"column":53}},"10":{"start":{"line":15,"column":0},"end":{"line":15,"column":61}},"11":{"start":{"line":16,"column":0},"end":{"line":16,"column":null}},"12":{"start":{"line":36,"column":12},"end":{"line":36,"column":30}},"13":{"start":{"line":37,"column":41},"end":{"line":37,"column":65}},"14":{"start":{"line":38,"column":31},"end":{"line":38,"column":48}},"15":{"start":{"line":39,"column":38},"end":{"line":39,"column":56}},"16":{"start":{"line":40,"column":37},"end":{"line":40,"column":53}},"17":{"start":{"line":42,"column":12},"end":{"line":42,"column":79}},"18":{"start":{"line":43,"column":40},"end":{"line":43,"column":70}},"19":{"start":{"line":44,"column":12},"end":{"line":44,"column":40}},"20":{"start":{"line":28,"column":10},"end":{"line":28,"column":60}},"21":{"start":{"line":29,"column":10},"end":{"line":29,"column":58}},"22":{"start":{"line":48,"column":21},"end":{"line":63,"column":6}},"23":{"start":{"line":53,"column":12},"end":{"line":57,"column":14}},"24":{"start":{"line":64,"column":39},"end":{"line":64,"column":79}},"25":{"start":{"line":65,"column":4},"end":{"line":65,"column":38}},"26":{"start":{"line":67,"column":6},"end":{"line":67,"column":68}},"27":{"start":{"line":69,"column":31},"end":{"line":69,"column":72}},"28":{"start":{"line":70,"column":49},"end":{"line":70,"column":51}},"29":{"start":{"line":71,"column":4},"end":{"line":87,"column":5}},"30":{"start":{"line":72,"column":37},"end":{"line":72,"column":107}},"31":{"start":{"line":73,"column":33},"end":{"line":73,"column":76}},"32":{"start":{"line":74,"column":6},"end":{"line":77,"column":9}},"33":{"start":{"line":75,"column":8},"end":{"line":75,"column":48}},"34":{"start":{"line":76,"column":8},"end":{"line":76,"column":46}},"35":{"start":{"line":79,"column":6},"end":{"line":82,"column":9}},"36":{"start":{"line":80,"column":8},"end":{"line":80,"column":66}},"37":{"start":{"line":81,"column":8},"end":{"line":81,"column":62}},"38":{"start":{"line":83,"column":6},"end":{"line":85,"column":18}},"39":{"start":{"line":84,"column":23},"end":{"line":84,"column":35}},"40":{"start":{"line":86,"column":6},"end":{"line":86,"column":55}},"41":{"start":{"line":88,"column":4},"end":{"line":91,"column":7}},"42":{"start":{"line":89,"column":6},"end":{"line":89,"column":65}},"43":{"start":{"line":90,"column":6},"end":{"line":90,"column":61}},"44":{"start":{"line":92,"column":21},"end":{"line":92,"column":48}},"45":{"start":{"line":93,"column":4},"end":{"line":96,"column":7}},"46":{"start":{"line":94,"column":27},"end":{"line":94,"column":60}},"47":{"start":{"line":95,"column":6},"end":{"line":95,"column":58}},"48":{"start":{"line":97,"column":23},"end":{"line":97,"column":48}},"49":{"start":{"line":98,"column":4},"end":{"line":101,"column":7}},"50":{"start":{"line":99,"column":27},"end":{"line":99,"column":60}},"51":{"start":{"line":100,"column":6},"end":{"line":100,"column":62}},"52":{"start":{"line":103,"column":4},"end":{"line":103,"column":29}},"53":{"start":{"line":104,"column":19},"end":{"line":104,"column":null}},"54":{"start":{"line":112,"column":4},"end":{"line":138,"column":7}},"55":{"start":{"line":113,"column":27},"end":{"line":113,"column":60}},"56":{"start":{"line":114,"column":19},"end":{"line":122,"column":8}},"57":{"start":{"line":116,"column":10},"end":{"line":119,"column":12}},"58":{"start":{"line":120,"column":10},"end":{"line":120,"column":22}},"59":{"start":{"line":123,"column":6},"end":{"line":132,"column":8}},"60":{"start":{"line":124,"column":42},"end":{"line":131,"column":10}},"61":{"start":{"line":133,"column":6},"end":{"line":137,"column":9}},"62":{"start":{"line":140,"column":4},"end":{"line":161,"column":5}},"63":{"start":{"line":141,"column":6},"end":{"line":160,"column":7}},"64":{"start":{"line":147,"column":24},"end":{"line":147,"column":61}},"65":{"start":{"line":148,"column":8},"end":{"line":153,"column":11}},"66":{"start":{"line":149,"column":10},"end":{"line":152,"column":12}},"67":{"start":{"line":154,"column":8},"end":{"line":159,"column":11}},"68":{"start":{"line":155,"column":10},"end":{"line":158,"column":12}},"69":{"start":{"line":162,"column":4},"end":{"line":168,"column":6}},"70":{"start":{"line":172,"column":17},"end":{"line":172,"column":78}},"71":{"start":{"line":173,"column":4},"end":{"line":173,"column":57}},"72":{"start":{"line":174,"column":4},"end":{"line":174,"column":34}},"73":{"start":{"line":175,"column":4},"end":{"line":175,"column":16}},"74":{"start":{"line":178,"column":48},"end":{"line":178,"column":79}},"75":{"start":{"line":179,"column":19},"end":{"line":179,"column":62}},"76":{"start":{"line":180,"column":17},"end":{"line":180,"column":38}},"77":{"start":{"line":181,"column":4},"end":{"line":185,"column":6}},"78":{"start":{"line":186,"column":4},"end":{"line":186,"column":54}},"79":{"start":{"line":187,"column":4},"end":{"line":187,"column":55}},"80":{"start":{"line":188,"column":4},"end":{"line":188,"column":54}},"81":{"start":{"line":189,"column":4},"end":{"line":198,"column":5}},"82":{"start":{"line":190,"column":6},"end":{"line":195,"column":10}},"83":{"start":{"line":197,"column":6},"end":{"line":197,"column":68}},"84":{"start":{"line":199,"column":4},"end":{"line":199,"column":49}},"85":{"start":{"line":203,"column":21},"end":{"line":203,"column":31}},"86":{"start":{"line":206,"column":4},"end":{"line":250,"column":5}},"87":{"start":{"line":207,"column":21},"end":{"line":207,"column":37}},"88":{"start":{"line":208,"column":25},"end":{"line":208,"column":78}},"89":{"start":{"line":209,"column":6},"end":{"line":249,"column":7}},"90":{"start":{"line":210,"column":8},"end":{"line":210,"column":37}},"91":{"start":{"line":212,"column":8},"end":{"line":214,"column":10}},"92":{"start":{"line":213,"column":20},"end":{"line":213,"column":72}},"93":{"start":{"line":215,"column":8},"end":{"line":248,"column":9}},"94":{"start":{"line":216,"column":29},"end":{"line":216,"column":78}},"95":{"start":{"line":217,"column":27},"end":{"line":217,"column":61}},"96":{"start":{"line":219,"column":10},"end":{"line":229,"column":11}},"97":{"start":{"line":220,"column":25},"end":{"line":221,"column":null}},"98":{"start":{"line":223,"column":12},"end":{"line":223,"column":48}},"99":{"start":{"line":225,"column":25},"end":{"line":226,"column":null}},"100":{"start":{"line":228,"column":12},"end":{"line":228,"column":48}},"101":{"start":{"line":230,"column":25},"end":{"line":230,"column":78}},"102":{"start":{"line":231,"column":23},"end":{"line":231,"column":53}},"103":{"start":{"line":232,"column":36},"end":{"line":233,"column":43}},"104":{"start":{"line":234,"column":46},"end":{"line":236,"column":25}},"105":{"start":{"line":239,"column":12},"end":{"line":242,"column":21}},"106":{"start":{"line":243,"column":10},"end":{"line":245,"column":11}},"107":{"start":{"line":244,"column":12},"end":{"line":244,"column":18}},"108":{"start":{"line":247,"column":10},"end":{"line":247,"column":37}},"109":{"start":{"line":251,"column":4},"end":{"line":253,"column":5}},"110":{"start":{"line":252,"column":6},"end":{"line":252,"column":51}},"111":{"start":{"line":254,"column":4},"end":{"line":254,"column":26}},"112":{"start":{"line":258,"column":24},"end":{"line":258,"column":37}},"113":{"start":{"line":259,"column":18},"end":{"line":259,"column":22}},"114":{"start":{"line":260,"column":4},"end":{"line":265,"column":6}},"115":{"start":{"line":261,"column":6},"end":{"line":263,"column":7}},"116":{"start":{"line":262,"column":8},"end":{"line":262,"column":73}},"117":{"start":{"line":264,"column":6},"end":{"line":264,"column":46}},"118":{"start":{"line":272,"column":4},"end":{"line":274,"column":5}},"119":{"start":{"line":273,"column":6},"end":{"line":273,"column":64}},"120":{"start":{"line":276,"column":6},"end":{"line":277,"column":8}},"121":{"start":{"line":278,"column":4},"end":{"line":278,"column":27}},"122":{"start":{"line":279,"column":4},"end":{"line":282,"column":6}},"123":{"start":{"line":288,"column":34},"end":{"line":291,"column":null}},"124":{"start":{"line":293,"column":34},"end":{"line":293,"column":57}},"125":{"start":{"line":294,"column":4},"end":{"line":332,"column":5}},"126":{"start":{"line":296,"column":6},"end":{"line":308,"column":8}},"127":{"start":{"line":297,"column":8},"end":{"line":307,"column":11}},"128":{"start":{"line":299,"column":26},"end":{"line":302,"column":null}},"129":{"start":{"line":304,"column":10},"end":{"line":304,"column":59}},"130":{"start":{"line":306,"column":10},"end":{"line":306,"column":24}},"131":{"start":{"line":310,"column":6},"end":{"line":331,"column":8}},"132":{"start":{"line":317,"column":8},"end":{"line":330,"column":11}},"133":{"start":{"line":318,"column":25},"end":{"line":325,"column":26}},"134":{"start":{"line":326,"column":10},"end":{"line":328,"column":11}},"135":{"start":{"line":327,"column":12},"end":{"line":327,"column":69}},"136":{"start":{"line":329,"column":10},"end":{"line":329,"column":24}},"137":{"start":{"line":336,"column":4},"end":{"line":336,"column":32}},"138":{"start":{"line":337,"column":4},"end":{"line":337,"column":41}},"139":{"start":{"line":340,"column":4},"end":{"line":340,"column":24}},"140":{"start":{"line":343,"column":4},"end":{"line":347,"column":7}},"141":{"start":{"line":344,"column":6},"end":{"line":346,"column":24}},"142":{"start":{"line":345,"column":8},"end":{"line":345,"column":55}},"143":{"start":{"line":350,"column":31},"end":{"line":350,"column":53}},"144":{"start":{"line":351,"column":4},"end":{"line":362,"column":6}},"145":{"start":{"line":353,"column":8},"end":{"line":353,"column":41}},"146":{"start":{"line":355,"column":6},"end":{"line":359,"column":7}},"147":{"start":{"line":356,"column":8},"end":{"line":358,"column":9}},"148":{"start":{"line":357,"column":10},"end":{"line":357,"column":78}},"149":{"start":{"line":361,"column":6},"end":{"line":361,"column":19}},"150":{"start":{"line":26,"column":0},"end":{"line":26,"column":null}},"151":{"start":{"line":27,"column":13},"end":{"line":43,"column":40}},"152":{"start":{"line":27,"column":13},"end":{"line":27,"column":null}}},"fnMap":{"0":{"name":"(anonymous_14)","decl":{"start":{"line":35,"column":2},"end":{"line":35,"column":null}},"loc":{"start":{"line":44,"column":40},"end":{"line":45,"column":6}}},"1":{"name":"(anonymous_15)","decl":{"start":{"line":47,"column":8},"end":{"line":47,"column":35}},"loc":{"start":{"line":47,"column":35},"end":{"line":169,"column":null}}},"2":{"name":"(anonymous_17)","decl":{"start":{"line":52,"column":22},"end":{"line":52,"column":23}},"loc":{"start":{"line":52,"column":75},"end":{"line":58,"column":11}}},"3":{"name":"(anonymous_18)","decl":{"start":{"line":74,"column":36},"end":{"line":74,"column":37}},"loc":{"start":{"line":74,"column":51},"end":{"line":77,"column":7}}},"4":{"name":"(anonymous_19)","decl":{"start":{"line":79,"column":39},"end":{"line":79,"column":40}},"loc":{"start":{"line":79,"column":54},"end":{"line":82,"column":7}}},"5":{"name":"(anonymous_20)","decl":{"start":{"line":84,"column":13},"end":{"line":84,"column":14}},"loc":{"start":{"line":84,"column":23},"end":{"line":84,"column":35}}},"6":{"name":"(anonymous_21)","decl":{"start":{"line":88,"column":37},"end":{"line":88,"column":38}},"loc":{"start":{"line":88,"column":52},"end":{"line":91,"column":5}}},"7":{"name":"(anonymous_22)","decl":{"start":{"line":93,"column":26},"end":{"line":93,"column":27}},"loc":{"start":{"line":93,"column":41},"end":{"line":96,"column":5}}},"8":{"name":"(anonymous_23)","decl":{"start":{"line":98,"column":34},"end":{"line":98,"column":35}},"loc":{"start":{"line":98,"column":49},"end":{"line":101,"column":5}}},"9":{"name":"(anonymous_24)","decl":{"start":{"line":112,"column":37},"end":{"line":112,"column":38}},"loc":{"start":{"line":112,"column":52},"end":{"line":138,"column":5}}},"10":{"name":"(anonymous_25)","decl":{"start":{"line":115,"column":33},"end":{"line":115,"column":34}},"loc":{"start":{"line":115,"column":42},"end":{"line":121,"column":9}}},"11":{"name":"(anonymous_26)","decl":{"start":{"line":124,"column":31},"end":{"line":124,"column":32}},"loc":{"start":{"line":124,"column":42},"end":{"line":131,"column":10}}},"12":{"name":"(anonymous_27)","decl":{"start":{"line":148,"column":36},"end":{"line":148,"column":37}},"loc":{"start":{"line":148,"column":45},"end":{"line":153,"column":9}}},"13":{"name":"(anonymous_28)","decl":{"start":{"line":154,"column":34},"end":{"line":154,"column":35}},"loc":{"start":{"line":154,"column":43},"end":{"line":159,"column":9}}},"14":{"name":"(anonymous_29)","decl":{"start":{"line":171,"column":10},"end":{"line":171,"column":18}},"loc":{"start":{"line":171,"column":46},"end":{"line":176,"column":3}}},"15":{"name":"(anonymous_30)","decl":{"start":{"line":177,"column":16},"end":{"line":177,"column":30}},"loc":{"start":{"line":177,"column":30},"end":{"line":200,"column":null}}},"16":{"name":"(anonymous_32)","decl":{"start":{"line":202,"column":10},"end":{"line":202,"column":33}},"loc":{"start":{"line":202,"column":50},"end":{"line":255,"column":3}}},"17":{"name":"(anonymous_33)","decl":{"start":{"line":213,"column":10},"end":{"line":213,"column":11}},"loc":{"start":{"line":213,"column":20},"end":{"line":213,"column":72}}},"18":{"name":"(anonymous_34)","decl":{"start":{"line":257,"column":10},"end":{"line":257,"column":28}},"loc":{"start":{"line":257,"column":50},"end":{"line":266,"column":3}}},"19":{"name":"(anonymous_35)","decl":{"start":{"line":260,"column":20},"end":{"line":260,"column":30}},"loc":{"start":{"line":260,"column":38},"end":{"line":265,"column":5}}},"20":{"name":"(anonymous_36)","decl":{"start":{"line":267,"column":10},"end":{"line":267,"column":30}},"loc":{"start":{"line":270,"column":29},"end":{"line":283,"column":3}}},"21":{"name":"(anonymous_37)","decl":{"start":{"line":284,"column":10},"end":{"line":284,"column":35}},"loc":{"start":{"line":286,"column":36},"end":{"line":333,"column":3}}},"22":{"name":"(anonymous_38)","decl":{"start":{"line":296,"column":32},"end":{"line":296,"column":33}},"loc":{"start":{"line":296,"column":74},"end":{"line":308,"column":7}}},"23":{"name":"(anonymous_39)","decl":{"start":{"line":297,"column":31},"end":{"line":297,"column":32}},"loc":{"start":{"line":297,"column":40},"end":{"line":307,"column":9}}},"24":{"name":"(anonymous_40)","decl":{"start":{"line":310,"column":32},"end":{"line":310,"column":null}},"loc":{"start":{"line":316,"column":10},"end":{"line":331,"column":7}}},"25":{"name":"(anonymous_41)","decl":{"start":{"line":317,"column":31},"end":{"line":317,"column":32}},"loc":{"start":{"line":317,"column":40},"end":{"line":330,"column":9}}},"26":{"name":"(anonymous_42)","decl":{"start":{"line":335,"column":8},"end":{"line":335,"column":20}},"loc":{"start":{"line":335,"column":20},"end":{"line":338,"column":null}}},"27":{"name":"(anonymous_44)","decl":{"start":{"line":339,"column":2},"end":{"line":339,"column":12}},"loc":{"start":{"line":339,"column":12},"end":{"line":341,"column":3}}},"28":{"name":"(anonymous_45)","decl":{"start":{"line":342,"column":2},"end":{"line":342,"column":26}},"loc":{"start":{"line":342,"column":26},"end":{"line":348,"column":3}}},"29":{"name":"(anonymous_46)","decl":{"start":{"line":343,"column":45},"end":{"line":343,"column":46}},"loc":{"start":{"line":343,"column":58},"end":{"line":347,"column":5}}},"30":{"name":"(anonymous_47)","decl":{"start":{"line":349,"column":10},"end":{"line":349,"column":38}},"loc":{"start":{"line":349,"column":58},"end":{"line":363,"column":3}}},"31":{"name":"(anonymous_48)","decl":{"start":{"line":351,"column":29},"end":{"line":351,"column":39}},"loc":{"start":{"line":351,"column":52},"end":{"line":362,"column":5}}},"32":{"name":"MiniProgramApplicationAnalysisService_Factory","decl":{"start":{"line":27,"column":13},"end":{"line":27,"column":50}},"loc":{"start":{"line":27,"column":13},"end":{"line":43,"column":40}}}},"branchMap":{"0":{"loc":{"start":{"line":71,"column":4},"end":{"line":87,"column":5}},"type":"if","locations":[{"start":{"line":71,"column":4},"end":{"line":87,"column":5}},{"start":{"line":71,"column":4},"end":{"line":87,"column":5}}]},"1":{"loc":{"start":{"line":134,"column":19},"end":{"line":134,"column":65}},"type":"binary-expr","locations":[{"start":{"line":134,"column":19},"end":{"line":134,"column":52}},{"start":{"line":134,"column":56},"end":{"line":134,"column":65}}]},"2":{"loc":{"start":{"line":141,"column":6},"end":{"line":160,"column":7}},"type":"if","locations":[{"start":{"line":141,"column":6},"end":{"line":160,"column":7}},{"start":{"line":141,"column":6},"end":{"line":160,"column":7}}]},"3":{"loc":{"start":{"line":189,"column":4},"end":{"line":198,"column":5}},"type":"if","locations":[{"start":{"line":189,"column":4},"end":{"line":198,"column":5}},{"start":{"line":189,"column":4},"end":{"line":198,"column":5}}]},"4":{"loc":{"start":{"line":209,"column":6},"end":{"line":249,"column":7}},"type":"if","locations":[{"start":{"line":209,"column":6},"end":{"line":249,"column":7}},{"start":{"line":209,"column":6},"end":{"line":249,"column":7}}]},"5":{"loc":{"start":{"line":209,"column":10},"end":{"line":209,"column":41}},"type":"binary-expr","locations":[{"start":{"line":209,"column":10},"end":{"line":209,"column":20}},{"start":{"line":209,"column":24},"end":{"line":209,"column":41}}]},"6":{"loc":{"start":{"line":215,"column":8},"end":{"line":248,"column":9}},"type":"if","locations":[{"start":{"line":215,"column":8},"end":{"line":248,"column":9}},{"start":{"line":215,"column":8},"end":{"line":248,"column":9}}]},"7":{"loc":{"start":{"line":219,"column":10},"end":{"line":229,"column":11}},"type":"if","locations":[{"start":{"line":219,"column":10},"end":{"line":229,"column":11}},{"start":{"line":219,"column":10},"end":{"line":229,"column":11}}]},"8":{"loc":{"start":{"line":231,"column":23},"end":{"line":231,"column":53}},"type":"cond-expr","locations":[{"start":{"line":231,"column":48},"end":{"line":231,"column":51}},{"start":{"line":231,"column":48},"end":{"line":231,"column":53}}]},"9":{"loc":{"start":{"line":231,"column":23},"end":{"line":231,"column":51}},"type":"binary-expr","locations":[{"start":{"line":231,"column":23},"end":{"line":231,"column":51}},{"start":{"line":231,"column":48},"end":{"line":231,"column":51}}]},"10":{"loc":{"start":{"line":231,"column":23},"end":{"line":231,"column":48}},"type":"cond-expr","locations":[{"start":{"line":231,"column":29},"end":{"line":231,"column":31}},{"start":{"line":231,"column":23},"end":{"line":231,"column":48}}]},"11":{"loc":{"start":{"line":231,"column":23},"end":{"line":231,"column":31}},"type":"binary-expr","locations":[{"start":{"line":231,"column":23},"end":{"line":231,"column":31}},{"start":{"line":231,"column":23},"end":{"line":231,"column":31}}]},"12":{"loc":{"start":{"line":232,"column":36},"end":{"line":233,"column":43}},"type":"cond-expr","locations":[{"start":{"line":232,"column":40},"end":{"line":232,"column":42}},{"start":{"line":232,"column":36},"end":{"line":233,"column":43}}]},"13":{"loc":{"start":{"line":232,"column":36},"end":{"line":232,"column":42}},"type":"binary-expr","locations":[{"start":{"line":232,"column":36},"end":{"line":232,"column":42}},{"start":{"line":232,"column":36},"end":{"line":232,"column":42}}]},"14":{"loc":{"start":{"line":243,"column":10},"end":{"line":245,"column":11}},"type":"if","locations":[{"start":{"line":243,"column":10},"end":{"line":245,"column":11}},{"start":{"line":243,"column":10},"end":{"line":245,"column":11}}]},"15":{"loc":{"start":{"line":251,"column":4},"end":{"line":253,"column":5}},"type":"if","locations":[{"start":{"line":251,"column":4},"end":{"line":253,"column":5}},{"start":{"line":251,"column":4},"end":{"line":253,"column":5}}]},"16":{"loc":{"start":{"line":261,"column":6},"end":{"line":263,"column":7}},"type":"if","locations":[{"start":{"line":261,"column":6},"end":{"line":263,"column":7}},{"start":{"line":261,"column":6},"end":{"line":263,"column":7}}]},"17":{"loc":{"start":{"line":272,"column":4},"end":{"line":274,"column":5}},"type":"if","locations":[{"start":{"line":272,"column":4},"end":{"line":274,"column":5}},{"start":{"line":272,"column":4},"end":{"line":274,"column":5}}]},"18":{"loc":{"start":{"line":276,"column":6},"end":{"line":277,"column":8}},"type":"binary-expr","locations":[{"start":{"line":276,"column":6},"end":{"line":276,"column":75}},{"start":{"line":277,"column":6},"end":{"line":277,"column":8}}]},"19":{"loc":{"start":{"line":294,"column":4},"end":{"line":332,"column":5}},"type":"if","locations":[{"start":{"line":294,"column":4},"end":{"line":332,"column":5}},{"start":{"line":294,"column":4},"end":{"line":332,"column":5}}]},"20":{"loc":{"start":{"line":326,"column":10},"end":{"line":328,"column":11}},"type":"if","locations":[{"start":{"line":326,"column":10},"end":{"line":328,"column":11}},{"start":{"line":326,"column":10},"end":{"line":328,"column":11}}]},"21":{"loc":{"start":{"line":356,"column":8},"end":{"line":358,"column":9}},"type":"if","locations":[{"start":{"line":356,"column":8},"end":{"line":358,"column":9}},{"start":{"line":356,"column":8},"end":{"line":358,"column":9}}]},"22":{"loc":{"start":{"line":27,"column":13},"end":{"line":27,"column":50}},"type":"binary-expr","locations":[{"start":{"line":27,"column":13},"end":{"line":27,"column":50}},{"start":{"line":27,"column":13},"end":{"line":27,"column":50}}]}},"s":{"0":1,"1":1,"2":1,"3":1,"4":1,"5":1,"6":1,"7":1,"8":1,"9":1,"10":1,"11":1,"12":10,"13":10,"14":10,"15":10,"16":10,"17":10,"18":10,"19":10,"20":10,"21":10,"22":10,"23":10,"24":10,"25":10,"26":10,"27":10,"28":10,"29":10,"30":10,"31":10,"32":10,"33":221,"34":221,"35":10,"36":221,"37":221,"38":10,"39":10,"40":10,"41":10,"42":221,"43":221,"44":10,"45":10,"46":221,"47":221,"48":10,"49":10,"50":221,"51":221,"52":10,"53":10,"54":10,"55":221,"56":221,"57":30,"58":30,"59":221,"60":100,"61":221,"62":10,"63":10,"64":10,"65":10,"66":0,"67":10,"68":10,"69":10,"70":10,"71":10,"72":10,"73":10,"74":10,"75":10,"76":10,"77":10,"78":10,"79":10,"80":10,"81":10,"82":2,"83":8,"84":10,"85":773,"86":773,"87":1916,"88":1916,"89":1916,"90":1143,"91":773,"92":9770,"93":773,"94":773,"95":773,"96":773,"97":453,"98":453,"99":320,"100":320,"101":773,"102":773,"103":773,"104":773,"105":773,"106":773,"107":773,"108":0,"109":773,"110":0,"111":773,"112":10,"113":10,"114":10,"115":5757,"116":2590,"117":5757,"118":6647,"119":0,"120":6647,"121":6647,"122":6647,"123":10,"124":10,"125":10,"126":0,"127":0,"128":0,"129":0,"130":0,"131":10,"132":3863,"133":12877,"134":12877,"135":6647,"136":12877,"137":10,"138":10,"139":10,"140":10,"141":0,"142":0,"143":10,"144":10,"145":32,"146":32,"147":16696,"148":703,"149":32,"150":1,"151":11,"152":1},"f":{"0":10,"1":10,"2":10,"3":221,"4":221,"5":10,"6":221,"7":221,"8":221,"9":221,"10":30,"11":100,"12":0,"13":10,"14":10,"15":10,"16":773,"17":9770,"18":10,"19":5757,"20":6647,"21":10,"22":0,"23":0,"24":3863,"25":12877,"26":10,"27":10,"28":10,"29":0,"30":10,"31":32,"32":10},"b":{"0":[10,0],"1":[221,151],"2":[10,0],"3":[2,8],"4":[1143,773],"5":[1916,1143],"6":[773,0],"7":[453,320],"8":[0,773],"9":[773,773],"10":[0,773],"11":[773,773],"12":[0,773],"13":[773,773],"14":[773,0],"15":[0,773],"16":[2590,3167],"17":[0,6647],"18":[6647,1792],"19":[0,10],"20":[6647,6230],"21":[703,15993],"22":[10,10]}}
,"/home/runner/work/angular-miniprogram/angular-miniprogram/src/builder/application/token.ts": {"path":"/home/runner/work/angular-miniprogram/angular-miniprogram/src/builder/application/token.ts","statementMap":{"0":{"start":{"line":1,"column":0},"end":{"line":1,"column":49}},"1":{"start":{"line":3,"column":13},"end":{"line":3,"column":69}},"2":{"start":{"line":4,"column":13},"end":{"line":4,"column":75}},"3":{"start":{"line":5,"column":13},"end":{"line":5,"column":61}},"4":{"start":{"line":6,"column":13},"end":{"line":6,"column":57}},"5":{"start":{"line":7,"column":13},"end":{"line":7,"column":77}},"6":{"start":{"line":8,"column":13},"end":{"line":8,"column":71}}},"fnMap":{},"branchMap":{},"s":{"0":1,"1":1,"2":1,"3":1,"4":1,"5":1,"6":1},"f":{},"b":{}}
,"/home/runner/work/angular-miniprogram/angular-miniprogram/src/builder/application/webpack-configuration-change.service.ts": {"path":"/home/runner/work/angular-miniprogram/angular-miniprogram/src/builder/application/webpack-configuration-change.service.ts","statementMap":{"0":{"start":{"line":7,"column":0},"end":{"line":7,"column":49}},"1":{"start":{"line":8,"column":0},"end":{"line":8,"column":29}},"2":{"start":{"line":9,"column":0},"end":{"line":9,"column":40}},"3":{"start":{"line":10,"column":0},"end":{"line":10,"column":55}},"4":{"start":{"line":11,"column":0},"end":{"line":11,"column":35}},"5":{"start":{"line":12,"column":0},"end":{"line":12,"column":39}},"6":{"start":{"line":13,"column":0},"end":{"line":13,"column":72}},"7":{"start":{"line":14,"column":0},"end":{"line":14,"column":52}},"8":{"start":{"line":15,"column":0},"end":{"line":15,"column":53}},"9":{"start":{"line":17,"column":0},"end":{"line":17,"column":79}},"10":{"start":{"line":18,"column":0},"end":{"line":18,"column":91}},"11":{"start":{"line":19,"column":0},"end":{"line":19,"column":78}},"12":{"start":{"line":20,"column":0},"end":{"line":20,"column":91}},"13":{"start":{"line":21,"column":0},"end":{"line":21,"column":42}},"14":{"start":{"line":39,"column":12},"end":{"line":39,"column":null}},"15":{"start":{"line":44,"column":12},"end":{"line":44,"column":35}},"16":{"start":{"line":45,"column":12},"end":{"line":45,"column":41}},"17":{"start":{"line":46,"column":12},"end":{"line":46,"column":30}},"18":{"start":{"line":49,"column":4},"end":{"line":79,"column":7}},"19":{"start":{"line":65,"column":12},"end":{"line":74,"column":14}},"20":{"start":{"line":80,"column":4},"end":{"line":80,"column":58}},"21":{"start":{"line":81,"column":4},"end":{"line":82,"column":55}},"22":{"start":{"line":83,"column":4},"end":{"line":83,"column":71}},"23":{"start":{"line":86,"column":4},"end":{"line":86,"column":35}},"24":{"start":{"line":87,"column":4},"end":{"line":87,"column":24}},"25":{"start":{"line":88,"column":4},"end":{"line":88,"column":28}},"26":{"start":{"line":89,"column":4},"end":{"line":89,"column":21}},"27":{"start":{"line":90,"column":4},"end":{"line":90,"column":32}},"28":{"start":{"line":91,"column":4},"end":{"line":91,"column":36}},"29":{"start":{"line":92,"column":4},"end":{"line":94,"column":6}},"30":{"start":{"line":95,"column":4},"end":{"line":100,"column":6}},"31":{"start":{"line":103,"column":4},"end":{"line":106,"column":5}},"32":{"start":{"line":104,"column":6},"end":{"line":104,"column":51}},"33":{"start":{"line":105,"column":6},"end":{"line":105,"column":47}},"34":{"start":{"line":109,"column":38},"end":{"line":110,"column":null}},"35":{"start":{"line":112,"column":4},"end":{"line":112,"column":43}},"36":{"start":{"line":113,"column":4},"end":{"line":121,"column":9}},"37":{"start":{"line":114,"column":29},"end":{"line":114,"column":35}},"38":{"start":{"line":116,"column":8},"end":{"line":116,"column":73}},"39":{"start":{"line":117,"column":8},"end":{"line":120,"column":10}},"40":{"start":{"line":122,"column":4},"end":{"line":122,"column":57}},"41":{"start":{"line":124,"column":24},"end":{"line":124,"column":62}},"42":{"start":{"line":125,"column":4},"end":{"line":133,"column":6}},"43":{"start":{"line":126,"column":19},"end":{"line":127,"column":null}},"44":{"start":{"line":127,"column":18},"end":{"line":127,"column":58}},"45":{"start":{"line":129,"column":6},"end":{"line":131,"column":7}},"46":{"start":{"line":130,"column":8},"end":{"line":130,"column":38}},"47":{"start":{"line":132,"column":6},"end":{"line":132,"column":25}},"48":{"start":{"line":136,"column":23},"end":{"line":137,"column":28}},"49":{"start":{"line":140,"column":8},"end":{"line":151,"column":6}},"50":{"start":{"line":144,"column":6},"end":{"line":149,"column":7}},"51":{"start":{"line":145,"column":38},"end":{"line":145,"column":67}},"52":{"start":{"line":148,"column":8},"end":{"line":148,"column":20}},"53":{"start":{"line":150,"column":6},"end":{"line":150,"column":30}},"54":{"start":{"line":152,"column":6},"end":{"line":167,"column":6}},"55":{"start":{"line":155,"column":21},"end":{"line":155,"column":46}},"56":{"start":{"line":156,"column":8},"end":{"line":161,"column":10}},"57":{"start":{"line":169,"column":25},"end":{"line":169,"column":52}},"58":{"start":{"line":170,"column":4},"end":{"line":181,"column":7}},"59":{"start":{"line":171,"column":6},"end":{"line":179,"column":7}},"60":{"start":{"line":172,"column":38},"end":{"line":172,"column":67}},"61":{"start":{"line":174,"column":10},"end":{"line":174,"column":61}},"62":{"start":{"line":178,"column":8},"end":{"line":178,"column":20}},"63":{"start":{"line":180,"column":6},"end":{"line":180,"column":19}},"64":{"start":{"line":182,"column":4},"end":{"line":188,"column":7}},"65":{"start":{"line":183,"column":6},"end":{"line":187,"column":8}},"66":{"start":{"line":186,"column":37},"end":{"line":186,"column":63}},"67":{"start":{"line":189,"column":4},"end":{"line":189,"column":44}},"68":{"start":{"line":192,"column":4},"end":{"line":194,"column":6}},"69":{"start":{"line":195,"column":4},"end":{"line":195,"column":77}},"70":{"start":{"line":199,"column":4},"end":{"line":204,"column":7}},"71":{"start":{"line":205,"column":4},"end":{"line":208,"column":7}},"72":{"start":{"line":209,"column":4},"end":{"line":214,"column":7}},"73":{"start":{"line":217,"column":49},"end":{"line":235,"column":6}},"74":{"start":{"line":236,"column":4},"end":{"line":240,"column":5}},"75":{"start":{"line":237,"column":6},"end":{"line":239,"column":66}},"76":{"start":{"line":241,"column":4},"end":{"line":241,"column":62}},"77":{"start":{"line":244,"column":18},"end":{"line":247,"column":null}},"78":{"start":{"line":246,"column":8},"end":{"line":247,"column":30}},"79":{"start":{"line":249,"column":4},"end":{"line":262,"column":5}},"80":{"start":{"line":251,"column":29},"end":{"line":251,"column":63}},"81":{"start":{"line":252,"column":30},"end":{"line":252,"column":67}},"82":{"start":{"line":253,"column":6},"end":{"line":259,"column":8}},"83":{"start":{"line":261,"column":6},"end":{"line":261,"column":64}},"84":{"start":{"line":33,"column":0},"end":{"line":33,"column":null}},"85":{"start":{"line":34,"column":13},"end":{"line":34,"column":null}}},"fnMap":{"0":{"name":"(anonymous_13)","decl":{"start":{"line":38,"column":2},"end":{"line":38,"column":null}},"loc":{"start":{"line":46,"column":30},"end":{"line":47,"column":6}}},"1":{"name":"(anonymous_14)","decl":{"start":{"line":48,"column":2},"end":{"line":48,"column":6}},"loc":{"start":{"line":48,"column":6},"end":{"line":84,"column":3}}},"2":{"name":"(anonymous_15)","decl":{"start":{"line":64,"column":22},"end":{"line":64,"column":23}},"loc":{"start":{"line":64,"column":55},"end":{"line":75,"column":11}}},"3":{"name":"(anonymous_16)","decl":{"start":{"line":85,"column":8},"end":{"line":85,"column":14}},"loc":{"start":{"line":85,"column":14},"end":{"line":101,"column":null}}},"4":{"name":"(anonymous_18)","decl":{"start":{"line":102,"column":10},"end":{"line":102,"column":33}},"loc":{"start":{"line":102,"column":33},"end":{"line":107,"column":3}}},"5":{"name":"(anonymous_19)","decl":{"start":{"line":108,"column":16},"end":{"line":108,"column":26}},"loc":{"start":{"line":108,"column":26},"end":{"line":190,"column":null}}},"6":{"name":"(anonymous_21)","decl":{"start":{"line":114,"column":19},"end":{"line":114,"column":20}},"loc":{"start":{"line":114,"column":29},"end":{"line":114,"column":35}}},"7":{"name":"(anonymous_22)","decl":{"start":{"line":115,"column":17},"end":{"line":115,"column":18}},"loc":{"start":{"line":115,"column":28},"end":{"line":121,"column":7}}},"8":{"name":"(anonymous_23)","decl":{"start":{"line":125,"column":35},"end":{"line":125,"column":36}},"loc":{"start":{"line":125,"column":49},"end":{"line":133,"column":5}}},"9":{"name":"(anonymous_24)","decl":{"start":{"line":127,"column":8},"end":{"line":127,"column":9}},"loc":{"start":{"line":127,"column":18},"end":{"line":127,"column":58}}},"10":{"name":"(anonymous_25)","decl":{"start":{"line":143,"column":15},"end":{"line":143,"column":16}},"loc":{"start":{"line":143,"column":25},"end":{"line":151,"column":5}}},"11":{"name":"(anonymous_26)","decl":{"start":{"line":145,"column":28},"end":{"line":145,"column":29}},"loc":{"start":{"line":145,"column":38},"end":{"line":145,"column":67}}},"12":{"name":"(anonymous_27)","decl":{"start":{"line":154,"column":12},"end":{"line":154,"column":13}},"loc":{"start":{"line":154,"column":45},"end":{"line":162,"column":7}}},"13":{"name":"(anonymous_28)","decl":{"start":{"line":170,"column":53},"end":{"line":170,"column":54}},"loc":{"start":{"line":170,"column":63},"end":{"line":181,"column":5}}},"14":{"name":"(anonymous_29)","decl":{"start":{"line":172,"column":28},"end":{"line":172,"column":29}},"loc":{"start":{"line":172,"column":38},"end":{"line":172,"column":67}}},"15":{"name":"(anonymous_30)","decl":{"start":{"line":173,"column":30},"end":{"line":173,"column":31}},"loc":{"start":{"line":174,"column":10},"end":{"line":174,"column":61}}},"16":{"name":"(anonymous_31)","decl":{"start":{"line":182,"column":52},"end":{"line":182,"column":53}},"loc":{"start":{"line":182,"column":69},"end":{"line":188,"column":5}}},"17":{"name":"(anonymous_32)","decl":{"start":{"line":186,"column":27},"end":{"line":186,"column":28}},"loc":{"start":{"line":186,"column":37},"end":{"line":186,"column":63}}},"18":{"name":"(anonymous_33)","decl":{"start":{"line":191,"column":10},"end":{"line":191,"column":22}},"loc":{"start":{"line":191,"column":22},"end":{"line":196,"column":3}}},"19":{"name":"(anonymous_34)","decl":{"start":{"line":198,"column":10},"end":{"line":198,"column":19}},"loc":{"start":{"line":198,"column":19},"end":{"line":215,"column":3}}},"20":{"name":"(anonymous_35)","decl":{"start":{"line":216,"column":10},"end":{"line":216,"column":30}},"loc":{"start":{"line":216,"column":30},"end":{"line":242,"column":3}}},"21":{"name":"(anonymous_36)","decl":{"start":{"line":243,"column":10},"end":{"line":243,"column":34}},"loc":{"start":{"line":243,"column":34},"end":{"line":263,"column":3}}},"22":{"name":"(anonymous_37)","decl":{"start":{"line":245,"column":6},"end":{"line":245,"column":7}},"loc":{"start":{"line":246,"column":8},"end":{"line":247,"column":30}}}},"branchMap":{"0":{"loc":{"start":{"line":82,"column":6},"end":{"line":82,"column":54}},"type":"binary-expr","locations":[{"start":{"line":82,"column":6},"end":{"line":82,"column":43}},{"start":{"line":82,"column":47},"end":{"line":82,"column":54}}]},"1":{"loc":{"start":{"line":92,"column":4},"end":{"line":93,"column":null}},"type":"cond-expr","locations":[{"start":{"line":92,"column":23},"end":{"line":92,"column":25}},{"start":{"line":92,"column":23},"end":{"line":93,"column":null}}]},"2":{"loc":{"start":{"line":92,"column":4},"end":{"line":92,"column":25}},"type":"binary-expr","locations":[{"start":{"line":92,"column":4},"end":{"line":92,"column":25}},{"start":{"line":92,"column":23},"end":{"line":92,"column":25}}]},"3":{"loc":{"start":{"line":95,"column":4},"end":{"line":99,"column":null}},"type":"cond-expr","locations":[{"start":{"line":95,"column":23},"end":{"line":95,"column":25}},{"start":{"line":95,"column":23},"end":{"line":99,"column":null}}]},"4":{"loc":{"start":{"line":95,"column":4},"end":{"line":95,"column":25}},"type":"binary-expr","locations":[{"start":{"line":95,"column":4},"end":{"line":95,"column":25}},{"start":{"line":95,"column":23},"end":{"line":95,"column":25}}]},"5":{"loc":{"start":{"line":103,"column":4},"end":{"line":106,"column":5}},"type":"if","locations":[{"start":{"line":103,"column":4},"end":{"line":106,"column":5}},{"start":{"line":103,"column":4},"end":{"line":106,"column":5}}]},"6":{"loc":{"start":{"line":104,"column":6},"end":{"line":104,"column":50}},"type":"cond-expr","locations":[{"start":{"line":104,"column":41},"end":{"line":104,"column":43}},{"start":{"line":104,"column":41},"end":{"line":104,"column":50}}]},"7":{"loc":{"start":{"line":104,"column":6},"end":{"line":104,"column":43}},"type":"binary-expr","locations":[{"start":{"line":104,"column":6},"end":{"line":104,"column":43}},{"start":{"line":104,"column":41},"end":{"line":104,"column":43}}]},"8":{"loc":{"start":{"line":104,"column":6},"end":{"line":104,"column":41}},"type":"cond-expr","locations":[{"start":{"line":104,"column":25},"end":{"line":104,"column":27}},{"start":{"line":104,"column":25},"end":{"line":104,"column":41}}]},"9":{"loc":{"start":{"line":104,"column":6},"end":{"line":104,"column":27}},"type":"binary-expr","locations":[{"start":{"line":104,"column":6},"end":{"line":104,"column":27}},{"start":{"line":104,"column":25},"end":{"line":104,"column":27}}]},"10":{"loc":{"start":{"line":105,"column":6},"end":{"line":105,"column":46}},"type":"cond-expr","locations":[{"start":{"line":105,"column":37},"end":{"line":105,"column":39}},{"start":{"line":105,"column":37},"end":{"line":105,"column":46}}]},"11":{"loc":{"start":{"line":105,"column":6},"end":{"line":105,"column":39}},"type":"binary-expr","locations":[{"start":{"line":105,"column":6},"end":{"line":105,"column":39}},{"start":{"line":105,"column":37},"end":{"line":105,"column":39}}]},"12":{"loc":{"start":{"line":105,"column":6},"end":{"line":105,"column":37}},"type":"cond-expr","locations":[{"start":{"line":105,"column":25},"end":{"line":105,"column":27}},{"start":{"line":105,"column":25},"end":{"line":105,"column":37}}]},"13":{"loc":{"start":{"line":105,"column":6},"end":{"line":105,"column":27}},"type":"binary-expr","locations":[{"start":{"line":105,"column":6},"end":{"line":105,"column":27}},{"start":{"line":105,"column":25},"end":{"line":105,"column":27}}]},"14":{"loc":{"start":{"line":122,"column":4},"end":{"line":122,"column":56}},"type":"cond-expr","locations":[{"start":{"line":122,"column":23},"end":{"line":122,"column":25}},{"start":{"line":122,"column":23},"end":{"line":122,"column":56}}]},"15":{"loc":{"start":{"line":122,"column":4},"end":{"line":122,"column":25}},"type":"binary-expr","locations":[{"start":{"line":122,"column":4},"end":{"line":122,"column":25}},{"start":{"line":122,"column":23},"end":{"line":122,"column":25}}]},"16":{"loc":{"start":{"line":129,"column":6},"end":{"line":131,"column":7}},"type":"if","locations":[{"start":{"line":129,"column":6},"end":{"line":131,"column":7}},{"start":{"line":129,"column":6},"end":{"line":131,"column":7}}]},"17":{"loc":{"start":{"line":144,"column":6},"end":{"line":149,"column":7}},"type":"if","locations":[{"start":{"line":144,"column":6},"end":{"line":149,"column":7}},{"start":{"line":144,"column":6},"end":{"line":149,"column":7}}]},"18":{"loc":{"start":{"line":145,"column":8},"end":{"line":146,"column":60}},"type":"binary-expr","locations":[{"start":{"line":145,"column":8},"end":{"line":145,"column":68}},{"start":{"line":146,"column":8},"end":{"line":146,"column":60}}]},"19":{"loc":{"start":{"line":157,"column":10},"end":{"line":160,"column":null}},"type":"binary-expr","locations":[{"start":{"line":157,"column":11},"end":{"line":157,"column":15}},{"start":{"line":158,"column":12},"end":{"line":158,"column":32}},{"start":{"line":159,"column":12},"end":{"line":159,"column":48}},{"start":{"line":160,"column":10},"end":{"line":160,"column":53}}]},"20":{"loc":{"start":{"line":160,"column":10},"end":{"line":160,"column":53}},"type":"cond-expr","locations":[{"start":{"line":160,"column":14},"end":{"line":160,"column":16}},{"start":{"line":160,"column":10},"end":{"line":160,"column":53}}]},"21":{"loc":{"start":{"line":160,"column":10},"end":{"line":160,"column":16}},"type":"binary-expr","locations":[{"start":{"line":160,"column":10},"end":{"line":160,"column":16}},{"start":{"line":160,"column":10},"end":{"line":160,"column":16}}]},"22":{"loc":{"start":{"line":171,"column":6},"end":{"line":179,"column":7}},"type":"if","locations":[{"start":{"line":171,"column":6},"end":{"line":179,"column":7}},{"start":{"line":171,"column":6},"end":{"line":179,"column":7}}]},"23":{"loc":{"start":{"line":172,"column":8},"end":{"line":176,"column":60}},"type":"binary-expr","locations":[{"start":{"line":172,"column":8},"end":{"line":172,"column":68}},{"start":{"line":173,"column":8},"end":{"line":174,"column":null}},{"start":{"line":176,"column":8},"end":{"line":176,"column":60}}]},"24":{"loc":{"start":{"line":205,"column":4},"end":{"line":208,"column":6}},"type":"cond-expr","locations":[{"start":{"line":205,"column":29},"end":{"line":205,"column":31}},{"start":{"line":205,"column":29},"end":{"line":208,"column":6}}]},"25":{"loc":{"start":{"line":205,"column":4},"end":{"line":205,"column":31}},"type":"binary-expr","locations":[{"start":{"line":205,"column":4},"end":{"line":205,"column":31}},{"start":{"line":205,"column":29},"end":{"line":205,"column":31}}]},"26":{"loc":{"start":{"line":205,"column":4},"end":{"line":205,"column":29}},"type":"cond-expr","locations":[{"start":{"line":205,"column":22},"end":{"line":205,"column":24}},{"start":{"line":205,"column":22},"end":{"line":205,"column":29}}]},"27":{"loc":{"start":{"line":205,"column":4},"end":{"line":205,"column":24}},"type":"binary-expr","locations":[{"start":{"line":205,"column":4},"end":{"line":205,"column":24}},{"start":{"line":205,"column":22},"end":{"line":205,"column":24}}]},"28":{"loc":{"start":{"line":209,"column":4},"end":{"line":214,"column":6}},"type":"cond-expr","locations":[{"start":{"line":209,"column":29},"end":{"line":209,"column":31}},{"start":{"line":209,"column":29},"end":{"line":214,"column":6}}]},"29":{"loc":{"start":{"line":209,"column":4},"end":{"line":209,"column":31}},"type":"binary-expr","locations":[{"start":{"line":209,"column":4},"end":{"line":209,"column":31}},{"start":{"line":209,"column":29},"end":{"line":209,"column":31}}]},"30":{"loc":{"start":{"line":209,"column":4},"end":{"line":209,"column":29}},"type":"cond-expr","locations":[{"start":{"line":209,"column":22},"end":{"line":209,"column":24}},{"start":{"line":209,"column":22},"end":{"line":209,"column":29}}]},"31":{"loc":{"start":{"line":209,"column":4},"end":{"line":209,"column":24}},"type":"binary-expr","locations":[{"start":{"line":209,"column":4},"end":{"line":209,"column":24}},{"start":{"line":209,"column":22},"end":{"line":209,"column":24}}]},"32":{"loc":{"start":{"line":236,"column":4},"end":{"line":240,"column":5}},"type":"if","locations":[{"start":{"line":236,"column":4},"end":{"line":240,"column":5}},{"start":{"line":236,"column":4},"end":{"line":240,"column":5}}]},"33":{"loc":{"start":{"line":249,"column":4},"end":{"line":262,"column":5}},"type":"if","locations":[{"start":{"line":249,"column":4},"end":{"line":262,"column":5}},{"start":{"line":249,"column":4},"end":{"line":262,"column":5}}]},"34":{"loc":{"start":{"line":253,"column":6},"end":{"line":258,"column":null}},"type":"cond-expr","locations":[{"start":{"line":253,"column":25},"end":{"line":253,"column":27}},{"start":{"line":253,"column":25},"end":{"line":258,"column":null}}]},"35":{"loc":{"start":{"line":253,"column":6},"end":{"line":253,"column":27}},"type":"binary-expr","locations":[{"start":{"line":253,"column":6},"end":{"line":253,"column":27}},{"start":{"line":253,"column":25},"end":{"line":253,"column":27}}]}},"s":{"0":1,"1":1,"2":1,"3":1,"4":1,"5":1,"6":1,"7":1,"8":1,"9":1,"10":1,"11":1,"12":1,"13":1,"14":9,"15":9,"16":9,"17":9,"18":9,"19":9,"20":9,"21":9,"22":9,"23":9,"24":9,"25":9,"26":9,"27":9,"28":9,"29":9,"30":9,"31":9,"32":1,"33":1,"34":9,"35":9,"36":9,"37":19,"38":10,"39":10,"40":9,"41":9,"42":9,"43":321,"44":4763,"45":321,"46":221,"47":100,"48":9,"49":9,"50":862,"51":11701,"52":842,"53":20,"54":9,"55":3223,"56":3223,"57":9,"58":9,"59":321,"60":4763,"61":100,"62":281,"63":40,"64":9,"65":10,"66":40,"67":9,"68":9,"69":9,"70":9,"71":9,"72":9,"73":9,"74":9,"75":8,"76":9,"77":9,"78":105,"79":9,"80":9,"81":9,"82":9,"83":0,"84":1,"85":1},"f":{"0":9,"1":9,"2":9,"3":9,"4":9,"5":9,"6":19,"7":10,"8":321,"9":4763,"10":862,"11":11701,"12":3223,"13":321,"14":4763,"15":100,"16":10,"17":40,"18":9,"19":9,"20":9,"21":9,"22":105},"b":{"0":[9,8],"1":[0,9],"2":[9,9],"3":[0,9],"4":[9,9],"5":[1,8],"6":[0,1],"7":[1,1],"8":[0,1],"9":[1,1],"10":[0,1],"11":[1,1],"12":[0,1],"13":[1,1],"14":[0,9],"15":[9,9],"16":[221,100],"17":[842,20],"18":[862,170],"19":[3223,3183,753,2470],"20":[40,2430],"21":[2470,2430],"22":[281,40],"23":[321,100,90],"24":[0,9],"25":[9,9],"26":[0,9],"27":[9,9],"28":[0,9],"29":[9,9],"30":[0,9],"31":[9,9],"32":[8,1],"33":[9,0],"34":[0,9],"35":[9,9]}}
,"/home/runner/work/angular-miniprogram/angular-miniprogram/src/builder/application/loader/component-template.loader.ts": {"path":"/home/runner/work/angular-miniprogram/angular-miniprogram/src/builder/application/loader/component-template.loader.ts","statementMap":{"0":{"start":{"line":2,"column":0},"end":{"line":2,"column":83}},"1":{"start":{"line":10,"column":19},"end":{"line":10,"column":31}},"2":{"start":{"line":11,"column":21},"end":{"line":11,"column":43}},"3":{"start":{"line":13,"column":2},"end":{"line":16,"column":3}},"4":{"start":{"line":14,"column":4},"end":{"line":14,"column":35}},"5":{"start":{"line":15,"column":4},"end":{"line":15,"column":11}},"6":{"start":{"line":18,"column":2},"end":{"line":18,"column":42}},"7":{"start":{"line":4,"column":0},"end":{"line":4,"column":null}}},"fnMap":{"0":{"name":"default_1","decl":{"start":{"line":4,"column":0},"end":{"line":4,"column":null}},"loc":{"start":{"line":8,"column":13},"end":{"line":19,"column":null}}}},"branchMap":{"0":{"loc":{"start":{"line":13,"column":2},"end":{"line":16,"column":3}},"type":"if","locations":[{"start":{"line":13,"column":2},"end":{"line":16,"column":3}},{"start":{"line":13,"column":2},"end":{"line":16,"column":3}}]},"1":{"loc":{"start":{"line":13,"column":6},"end":{"line":13,"column":70}},"type":"binary-expr","locations":[{"start":{"line":13,"column":6},"end":{"line":13,"column":33}},{"start":{"line":13,"column":37},"end":{"line":13,"column":70}}]}},"s":{"0":1,"1":703,"2":703,"3":703,"4":482,"5":482,"6":221,"7":1},"f":{"0":703},"b":{"0":[482,221],"1":[703,703]}}
,"/home/runner/work/angular-miniprogram/angular-miniprogram/src/builder/application/loader/library-template.loader.ts": {"path":"/home/runner/work/angular-miniprogram/angular-miniprogram/src/builder/application/loader/library-template.loader.ts","statementMap":{"0":{"start":{"line":2,"column":0},"end":{"line":2,"column":56}},"1":{"start":{"line":7,"column":0},"end":{"line":7,"column":55}},"2":{"start":{"line":9,"column":0},"end":{"line":9,"column":56}},"3":{"start":{"line":10,"column":0},"end":{"line":10,"column":44}},"4":{"start":{"line":11,"column":0},"end":{"line":11,"column":63}},"5":{"start":{"line":19,"column":19},"end":{"line":19,"column":31}},"6":{"start":{"line":20,"column":19},"end":{"line":20,"column":47}},"7":{"start":{"line":21,"column":30},"end":{"line":21,"column":72}},"8":{"start":{"line":22,"column":24},"end":{"line":22,"column":51}},"9":{"start":{"line":23,"column":32},"end":{"line":24,"column":null}},"10":{"start":{"line":26,"column":27},"end":{"line":27,"column":null}},"11":{"start":{"line":29,"column":2},"end":{"line":47,"column":3}},"12":{"start":{"line":30,"column":20},"end":{"line":30,"column":59}},"13":{"start":{"line":31,"column":38},"end":{"line":31,"column":61}},"14":{"start":{"line":33,"column":4},"end":{"line":46,"column":6}},"15":{"start":{"line":48,"column":30},"end":{"line":49,"column":null}},"16":{"start":{"line":51,"column":2},"end":{"line":64,"column":3}},"17":{"start":{"line":52,"column":20},"end":{"line":52,"column":62}},"18":{"start":{"line":53,"column":54},"end":{"line":53,"column":77}},"19":{"start":{"line":55,"column":4},"end":{"line":63,"column":5}},"20":{"start":{"line":56,"column":6},"end":{"line":62,"column":7}},"21":{"start":{"line":57,"column":24},"end":{"line":57,"column":35}},"22":{"start":{"line":58,"column":8},"end":{"line":61,"column":11}},"23":{"start":{"line":65,"column":2},"end":{"line":65,"column":33}},"24":{"start":{"line":14,"column":0},"end":{"line":14,"column":null}}},"fnMap":{"0":{"name":"default_1","decl":{"start":{"line":14,"column":0},"end":{"line":14,"column":null}},"loc":{"start":{"line":17,"column":13},"end":{"line":66,"column":null}}}},"branchMap":{"0":{"loc":{"start":{"line":29,"column":2},"end":{"line":47,"column":3}},"type":"if","locations":[{"start":{"line":29,"column":2},"end":{"line":47,"column":3}},{"start":{"line":29,"column":2},"end":{"line":47,"column":3}}]},"1":{"loc":{"start":{"line":51,"column":2},"end":{"line":64,"column":3}},"type":"if","locations":[{"start":{"line":51,"column":2},"end":{"line":64,"column":3}},{"start":{"line":51,"column":2},"end":{"line":64,"column":3}}]},"2":{"loc":{"start":{"line":56,"column":6},"end":{"line":62,"column":7}},"type":"if","locations":[{"start":{"line":56,"column":6},"end":{"line":62,"column":7}},{"start":{"line":56,"column":6},"end":{"line":62,"column":7}}]}},"s":{"0":1,"1":1,"2":1,"3":1,"4":1,"5":97,"6":97,"7":97,"8":97,"9":97,"10":97,"11":97,"12":10,"13":10,"14":10,"15":97,"16":97,"17":0,"18":0,"19":0,"20":0,"21":0,"22":0,"23":97,"24":1},"f":{"0":97},"b":{"0":[10,87],"1":[0,97],"2":[0,0]}}
,"/home/runner/work/angular-miniprogram/angular-miniprogram/src/builder/application/loader/library.loader.ts": {"path":"/home/runner/work/angular-miniprogram/angular-miniprogram/src/builder/application/loader/library.loader.ts","statementMap":{"0":{"start":{"line":2,"column":0},"end":{"line":2,"column":73}},"1":{"start":{"line":4,"column":0},"end":{"line":4,"column":56}},"2":{"start":{"line":11,"column":0},"end":{"line":11,"column":null}},"3":{"start":{"line":16,"column":0},"end":{"line":16,"column":70}},"4":{"start":{"line":17,"column":0},"end":{"line":17,"column":null}},"5":{"start":{"line":32,"column":19},"end":{"line":32,"column":31}},"6":{"start":{"line":33,"column":19},"end":{"line":33,"column":47}},"7":{"start":{"line":34,"column":15},"end":{"line":35,"column":null}},"8":{"start":{"line":37,"column":2},"end":{"line":40,"column":3}},"9":{"start":{"line":38,"column":4},"end":{"line":38,"column":35}},"10":{"start":{"line":39,"column":4},"end":{"line":39,"column":11}},"11":{"start":{"line":41,"column":51},"end":{"line":42,"column":null}},"12":{"start":{"line":44,"column":32},"end":{"line":45,"column":null}},"13":{"start":{"line":47,"column":63},"end":{"line":47,"column":65}},"14":{"start":{"line":48,"column":2},"end":{"line":141,"column":3}},"15":{"start":{"line":48,"column":15},"end":{"line":48,"column":16}},"16":{"start":{"line":49,"column":20},"end":{"line":49,"column":50}},"17":{"start":{"line":50,"column":26},"end":{"line":50,"column":43}},"18":{"start":{"line":51,"column":22},"end":{"line":52,"column":null}},"19":{"start":{"line":54,"column":4},"end":{"line":56,"column":5}},"20":{"start":{"line":55,"column":6},"end":{"line":55,"column":15}},"21":{"start":{"line":57,"column":20},"end":{"line":57,"column":52}},"22":{"start":{"line":58,"column":45},"end":{"line":58,"column":68}},"23":{"start":{"line":59,"column":5},"end":{"line":60,"column":54}},"24":{"start":{"line":62,"column":6},"end":{"line":63,"column":20}},"25":{"start":{"line":64,"column":4},"end":{"line":65,"column":49}},"26":{"start":{"line":66,"column":4},"end":{"line":71,"column":7}},"27":{"start":{"line":72,"column":24},"end":{"line":72,"column":70}},"28":{"start":{"line":73,"column":4},"end":{"line":140,"column":7}},"29":{"start":{"line":74,"column":33},"end":{"line":77,"column":null}},"30":{"start":{"line":79,"column":31},"end":{"line":79,"column":70}},"31":{"start":{"line":80,"column":25},"end":{"line":82,"column":null}},"32":{"start":{"line":84,"column":19},"end":{"line":84,"column":58}},"33":{"start":{"line":85,"column":6},"end":{"line":90,"column":9}},"34":{"start":{"line":92,"column":6},"end":{"line":92,"column":47}},"35":{"start":{"line":94,"column":8},"end":{"line":105,"column":10}},"36":{"start":{"line":106,"column":6},"end":{"line":116,"column":8}},"37":{"start":{"line":117,"column":6},"end":{"line":130,"column":7}},"38":{"start":{"line":118,"column":8},"end":{"line":129,"column":10}},"39":{"start":{"line":131,"column":6},"end":{"line":139,"column":7}},"40":{"start":{"line":132,"column":8},"end":{"line":138,"column":10}},"41":{"start":{"line":142,"column":2},"end":{"line":147,"column":3}},"42":{"start":{"line":143,"column":4},"end":{"line":146,"column":5}},"43":{"start":{"line":144,"column":22},"end":{"line":144,"column":42}},"44":{"start":{"line":145,"column":6},"end":{"line":145,"column":70}},"45":{"start":{"line":148,"column":2},"end":{"line":148,"column":33}},"46":{"start":{"line":26,"column":0},"end":{"line":26,"column":null}}},"fnMap":{"0":{"name":"default_1","decl":{"start":{"line":26,"column":0},"end":{"line":26,"column":null}},"loc":{"start":{"line":30,"column":13},"end":{"line":149,"column":null}}},"1":{"name":"(anonymous_9)","decl":{"start":{"line":73,"column":49},"end":{"line":73,"column":50}},"loc":{"start":{"line":73,"column":58},"end":{"line":140,"column":5}}}},"branchMap":{"0":{"loc":{"start":{"line":37,"column":2},"end":{"line":40,"column":3}},"type":"if","locations":[{"start":{"line":37,"column":2},"end":{"line":40,"column":3}},{"start":{"line":37,"column":2},"end":{"line":40,"column":3}}]},"1":{"loc":{"start":{"line":54,"column":4},"end":{"line":56,"column":5}},"type":"if","locations":[{"start":{"line":54,"column":4},"end":{"line":56,"column":5}},{"start":{"line":54,"column":4},"end":{"line":56,"column":5}}]},"2":{"loc":{"start":{"line":60,"column":7},"end":{"line":60,"column":53}},"type":"binary-expr","locations":[{"start":{"line":60,"column":7},"end":{"line":60,"column":47}},{"start":{"line":60,"column":51},"end":{"line":60,"column":53}}]},"3":{"loc":{"start":{"line":65,"column":6},"end":{"line":65,"column":48}},"type":"binary-expr","locations":[{"start":{"line":65,"column":6},"end":{"line":65,"column":42}},{"start":{"line":65,"column":46},"end":{"line":65,"column":48}}]},"4":{"loc":{"start":{"line":84,"column":19},"end":{"line":84,"column":58}},"type":"binary-expr","locations":[{"start":{"line":84,"column":19},"end":{"line":84,"column":52}},{"start":{"line":84,"column":56},"end":{"line":84,"column":58}}]},"5":{"loc":{"start":{"line":117,"column":6},"end":{"line":130,"column":7}},"type":"if","locations":[{"start":{"line":117,"column":6},"end":{"line":130,"column":7}},{"start":{"line":117,"column":6},"end":{"line":130,"column":7}}]},"6":{"loc":{"start":{"line":131,"column":6},"end":{"line":139,"column":7}},"type":"if","locations":[{"start":{"line":131,"column":6},"end":{"line":139,"column":7}},{"start":{"line":131,"column":6},"end":{"line":139,"column":7}}]},"7":{"loc":{"start":{"line":143,"column":4},"end":{"line":146,"column":5}},"type":"if","locations":[{"start":{"line":143,"column":4},"end":{"line":146,"column":5}},{"start":{"line":143,"column":4},"end":{"line":146,"column":5}}]}},"s":{"0":1,"1":1,"2":1,"3":1,"4":1,"5":97,"6":97,"7":97,"8":97,"9":87,"10":87,"11":10,"12":10,"13":10,"14":10,"15":10,"16":50,"17":50,"18":50,"19":50,"20":0,"21":50,"22":50,"23":50,"24":50,"25":50,"26":50,"27":50,"28":50,"29":150,"30":150,"31":150,"32":150,"33":150,"34":150,"35":150,"36":150,"37":150,"38":0,"39":150,"40":50,"41":10,"42":10,"43":10,"44":10,"45":10,"46":1},"f":{"0":97,"1":150},"b":{"0":[87,10],"1":[0,50],"2":[50,0],"3":[50,10],"4":[150,10],"5":[0,150],"6":[50,100],"7":[10,0]}}
,"/home/runner/work/angular-miniprogram/angular-miniprogram/src/builder/application/plugin/dynamic-library-entry.plugin.ts": {"path":"/home/runner/work/angular-miniprogram/angular-miniprogram/src/builder/application/plugin/dynamic-library-entry.plugin.ts","statementMap":{"0":{"start":{"line":2,"column":0},"end":{"line":2,"column":55}},"1":{"start":{"line":3,"column":0},"end":{"line":3,"column":24}},"2":{"start":{"line":4,"column":0},"end":{"line":4,"column":45}},"3":{"start":{"line":5,"column":0},"end":{"line":5,"column":35}},"4":{"start":{"line":6,"column":0},"end":{"line":6,"column":55}},"5":{"start":{"line":9,"column":0},"end":{"line":9,"column":41}},"6":{"start":{"line":12,"column":19},"end":{"line":12,"column":28}},"7":{"start":{"line":13,"column":23},"end":{"line":13,"column":65}},"8":{"start":{"line":17,"column":22},"end":{"line":17,"column":50}},"9":{"start":{"line":16,"column":10},"end":{"line":16,"column":77}},"10":{"start":{"line":19,"column":4},"end":{"line":91,"column":6}},"11":{"start":{"line":22,"column":9},"end":{"line":24,"column":51}},"12":{"start":{"line":25,"column":22},"end":{"line":25,"column":79}},"13":{"start":{"line":26,"column":8},"end":{"line":45,"column":12}},"14":{"start":{"line":31,"column":43},"end":{"line":31,"column":69}},"15":{"start":{"line":32,"column":25},"end":{"line":32,"column":63}},"16":{"start":{"line":33,"column":34},"end":{"line":33,"column":66}},"17":{"start":{"line":35,"column":14},"end":{"line":42,"column":16}},"18":{"start":{"line":43,"column":14},"end":{"line":43,"column":21}},"19":{"start":{"line":46,"column":8},"end":{"line":89,"column":10}},"20":{"start":{"line":50,"column":14},"end":{"line":51,"column":28}},"21":{"start":{"line":52,"column":12},"end":{"line":55,"column":13}},"22":{"start":{"line":53,"column":14},"end":{"line":53,"column":34}},"23":{"start":{"line":54,"column":14},"end":{"line":54,"column":21}},"24":{"start":{"line":56,"column":12},"end":{"line":60,"column":13}},"25":{"start":{"line":57,"column":14},"end":{"line":59,"column":17}},"26":{"start":{"line":58,"column":16},"end":{"line":58,"column":60}},"27":{"start":{"line":62,"column":12},"end":{"line":65,"column":13}},"28":{"start":{"line":63,"column":14},"end":{"line":63,"column":34}},"29":{"start":{"line":64,"column":14},"end":{"line":64,"column":21}},"30":{"start":{"line":66,"column":20},"end":{"line":66,"column":21}},"31":{"start":{"line":67,"column":12},"end":{"line":87,"column":15}},"32":{"start":{"line":68,"column":28},"end":{"line":70,"column":null}},"33":{"start":{"line":72,"column":26},"end":{"line":74,"column":null}},"34":{"start":{"line":76,"column":14},"end":{"line":86,"column":16}},"35":{"start":{"line":81,"column":18},"end":{"line":81,"column":22}},"36":{"start":{"line":82,"column":18},"end":{"line":84,"column":19}},"37":{"start":{"line":83,"column":20},"end":{"line":83,"column":40}},"38":{"start":{"line":14,"column":0},"end":{"line":14,"column":null}},"39":{"start":{"line":15,"column":13},"end":{"line":15,"column":null}}},"fnMap":{"0":{"name":"(anonymous_7)","decl":{"start":{"line":17,"column":2},"end":{"line":17,"column":22}},"loc":{"start":{"line":17,"column":50},"end":{"line":17,"column":54}}},"1":{"name":"(anonymous_8)","decl":{"start":{"line":18,"column":2},"end":{"line":18,"column":7}},"loc":{"start":{"line":18,"column":34},"end":{"line":92,"column":3}}},"2":{"name":"(anonymous_9)","decl":{"start":{"line":21,"column":6},"end":{"line":21,"column":7}},"loc":{"start":{"line":21,"column":26},"end":{"line":90,"column":7}}},"3":{"name":"(anonymous_10)","decl":{"start":{"line":30,"column":12},"end":{"line":30,"column":13}},"loc":{"start":{"line":30,"column":45},"end":{"line":44,"column":13}}},"4":{"name":"(anonymous_11)","decl":{"start":{"line":48,"column":10},"end":{"line":48,"column":11}},"loc":{"start":{"line":48,"column":36},"end":{"line":88,"column":11}}},"5":{"name":"(anonymous_12)","decl":{"start":{"line":57,"column":59},"end":{"line":57,"column":60}},"loc":{"start":{"line":57,"column":68},"end":{"line":59,"column":15}}},"6":{"name":"(anonymous_13)","decl":{"start":{"line":67,"column":45},"end":{"line":67,"column":46}},"loc":{"start":{"line":67,"column":54},"end":{"line":87,"column":13}}},"7":{"name":"(anonymous_14)","decl":{"start":{"line":80,"column":16},"end":{"line":80,"column":17}},"loc":{"start":{"line":80,"column":32},"end":{"line":85,"column":17}}},"8":{"name":"DynamicLibraryComponentEntryPlugin_Factory","decl":{"start":{"line":15,"column":13},"end":{"line":15,"column":47}},"loc":{"start":{"line":15,"column":13},"end":{"line":15,"column":null}}}},"branchMap":{"0":{"loc":{"start":{"line":22,"column":51},"end":{"line":24,"column":50}},"type":"binary-expr","locations":[{"start":{"line":22,"column":51},"end":{"line":23,"column":null}},{"start":{"line":24,"column":13},"end":{"line":24,"column":50}}]},"1":{"loc":{"start":{"line":39,"column":40},"end":{"line":39,"column":64}},"type":"cond-expr","locations":[{"start":{"line":39,"column":51},"end":{"line":39,"column":53}},{"start":{"line":39,"column":40},"end":{"line":39,"column":64}}]},"2":{"loc":{"start":{"line":39,"column":40},"end":{"line":39,"column":53}},"type":"binary-expr","locations":[{"start":{"line":39,"column":40},"end":{"line":39,"column":53}},{"start":{"line":39,"column":40},"end":{"line":39,"column":53}}]},"3":{"loc":{"start":{"line":40,"column":44},"end":{"line":40,"column":66}},"type":"cond-expr","locations":[{"start":{"line":40,"column":55},"end":{"line":40,"column":57}},{"start":{"line":40,"column":44},"end":{"line":40,"column":66}}]},"4":{"loc":{"start":{"line":40,"column":44},"end":{"line":40,"column":57}},"type":"binary-expr","locations":[{"start":{"line":40,"column":44},"end":{"line":40,"column":57}},{"start":{"line":40,"column":44},"end":{"line":40,"column":57}}]},"5":{"loc":{"start":{"line":52,"column":12},"end":{"line":55,"column":13}},"type":"if","locations":[{"start":{"line":52,"column":12},"end":{"line":55,"column":13}},{"start":{"line":52,"column":12},"end":{"line":55,"column":13}}]},"6":{"loc":{"start":{"line":56,"column":12},"end":{"line":60,"column":13}},"type":"if","locations":[{"start":{"line":56,"column":12},"end":{"line":60,"column":13}},{"start":{"line":56,"column":12},"end":{"line":60,"column":13}}]},"7":{"loc":{"start":{"line":62,"column":12},"end":{"line":65,"column":13}},"type":"if","locations":[{"start":{"line":62,"column":12},"end":{"line":65,"column":13}},{"start":{"line":62,"column":12},"end":{"line":65,"column":13}}]},"8":{"loc":{"start":{"line":82,"column":18},"end":{"line":84,"column":19}},"type":"if","locations":[{"start":{"line":82,"column":18},"end":{"line":84,"column":19}},{"start":{"line":82,"column":18},"end":{"line":84,"column":19}}]},"9":{"loc":{"start":{"line":15,"column":13},"end":{"line":15,"column":47}},"type":"binary-expr","locations":[{"start":{"line":15,"column":13},"end":{"line":15,"column":47}},{"start":{"line":15,"column":13},"end":{"line":15,"column":47}}]}},"s":{"0":1,"1":1,"2":1,"3":1,"4":1,"5":1,"6":1,"7":1,"8":9,"9":9,"10":9,"11":10,"12":10,"13":10,"14":45,"15":45,"16":45,"17":45,"18":45,"19":10,"20":11,"21":11,"22":1,"23":1,"24":10,"25":10,"26":50,"27":10,"28":0,"29":0,"30":10,"31":10,"32":50,"33":50,"34":50,"35":50,"36":50,"37":10,"38":1,"39":11},"f":{"0":9,"1":9,"2":10,"3":45,"4":11,"5":50,"6":50,"7":50,"8":9},"b":{"0":[10,10],"1":[0,45],"2":[45,45],"3":[0,45],"4":[45,45],"5":[1,10],"6":[10,0],"7":[0,10],"8":[10,40],"9":[9,9]}}
,"/home/runner/work/angular-miniprogram/angular-miniprogram/src/builder/application/plugin/dynamic-watch-entry.plugin.ts": {"path":"/home/runner/work/angular-miniprogram/angular-miniprogram/src/builder/application/plugin/dynamic-watch-entry.plugin.ts","statementMap":{"0":{"start":{"line":3,"column":0},"end":{"line":3,"column":81}},"1":{"start":{"line":4,"column":0},"end":{"line":4,"column":79}},"2":{"start":{"line":5,"column":0},"end":{"line":5,"column":29}},"3":{"start":{"line":6,"column":0},"end":{"line":6,"column":29}},"4":{"start":{"line":7,"column":0},"end":{"line":7,"column":55}},"5":{"start":{"line":8,"column":0},"end":{"line":8,"column":46}},"6":{"start":{"line":9,"column":0},"end":{"line":9,"column":45}},"7":{"start":{"line":15,"column":2},"end":{"line":17,"column":4}},"8":{"start":{"line":16,"column":4},"end":{"line":16,"column":74}},"9":{"start":{"line":16,"column":46},"end":{"line":16,"column":72}},"10":{"start":{"line":34,"column":12},"end":{"line":34,"column":null}},"11":{"start":{"line":41,"column":12},"end":{"line":41,"column":40}},"12":{"start":{"line":23,"column":2},"end":{"line":29,"column":15}},"13":{"start":{"line":30,"column":10},"end":{"line":30,"column":23}},"14":{"start":{"line":45,"column":6},"end":{"line":45,"column":72}},"15":{"start":{"line":46,"column":4},"end":{"line":48,"column":5}},"16":{"start":{"line":47,"column":6},"end":{"line":47,"column":56}},"17":{"start":{"line":49,"column":28},"end":{"line":50,"column":null}},"18":{"start":{"line":52,"column":4},"end":{"line":59,"column":6}},"19":{"start":{"line":60,"column":31},"end":{"line":60,"column":79}},"20":{"start":{"line":62,"column":6},"end":{"line":64,"column":19}},"21":{"start":{"line":65,"column":4},"end":{"line":69,"column":5}},"22":{"start":{"line":66,"column":6},"end":{"line":68,"column":9}},"23":{"start":{"line":72,"column":35},"end":{"line":72,"column":40}},"24":{"start":{"line":73,"column":4},"end":{"line":91,"column":6}},"25":{"start":{"line":75,"column":34},"end":{"line":90,"column":null}},"26":{"start":{"line":76,"column":8},"end":{"line":78,"column":9}},"27":{"start":{"line":77,"column":10},"end":{"line":77,"column":17}},"28":{"start":{"line":80,"column":8},"end":{"line":89,"column":11}},"29":{"start":{"line":92,"column":4},"end":{"line":113,"column":6}},"30":{"start":{"line":95,"column":8},"end":{"line":95,"column":31}},"31":{"start":{"line":96,"column":8},"end":{"line":111,"column":9}},"32":{"start":{"line":97,"column":10},"end":{"line":97,"column":29}},"33":{"start":{"line":98,"column":30},"end":{"line":102,"column":null}},"34":{"start":{"line":104,"column":10},"end":{"line":110,"column":11}},"35":{"start":{"line":105,"column":24},"end":{"line":107,"column":null}},"36":{"start":{"line":109,"column":12},"end":{"line":109,"column":50}},"37":{"start":{"line":115,"column":4},"end":{"line":117,"column":7}},"38":{"start":{"line":115,"column":70},"end":{"line":117,"column":6}},"39":{"start":{"line":116,"column":6},"end":{"line":116,"column":30}},"40":{"start":{"line":119,"column":4},"end":{"line":149,"column":6}},"41":{"start":{"line":122,"column":34},"end":{"line":122,"column":56}},"42":{"start":{"line":123,"column":8},"end":{"line":147,"column":10}},"43":{"start":{"line":123,"column":44},"end":{"line":147,"column":10}},"44":{"start":{"line":124,"column":10},"end":{"line":126,"column":12}},"45":{"start":{"line":127,"column":31},"end":{"line":127,"column":56}},"46":{"start":{"line":128,"column":23},"end":{"line":131,"column":12}},"47":{"start":{"line":132,"column":26},"end":{"line":134,"column":32}},"48":{"start":{"line":135,"column":10},"end":{"line":139,"column":11}},"49":{"start":{"line":136,"column":12},"end":{"line":138,"column":14}},"50":{"start":{"line":140,"column":10},"end":{"line":145,"column":null}},"51":{"start":{"line":143,"column":14},"end":{"line":143,"column":57}},"52":{"start":{"line":144,"column":14},"end":{"line":144,"column":25}},"53":{"start":{"line":155,"column":24},"end":{"line":159,"column":null}},"54":{"start":{"line":161,"column":38},"end":{"line":161,"column":40}},"55":{"start":{"line":162,"column":4},"end":{"line":209,"column":5}},"56":{"start":{"line":163,"column":18},"end":{"line":165,"column":null}},"57":{"start":{"line":168,"column":20},"end":{"line":174,"column":8}},"58":{"start":{"line":176,"column":6},"end":{"line":208,"column":8}},"59":{"start":{"line":178,"column":22},"end":{"line":186,"column":null}},"60":{"start":{"line":188,"column":10},"end":{"line":191,"column":12}},"61":{"start":{"line":193,"column":12},"end":{"line":193,"column":77}},"62":{"start":{"line":194,"column":10},"end":{"line":196,"column":34}},"63":{"start":{"line":197,"column":10},"end":{"line":198,"column":76}},"64":{"start":{"line":199,"column":10},"end":{"line":200,"column":76}},"65":{"start":{"line":201,"column":10},"end":{"line":202,"column":78}},"66":{"start":{"line":203,"column":10},"end":{"line":204,"column":77}},"67":{"start":{"line":205,"column":10},"end":{"line":205,"column":29}},"68":{"start":{"line":206,"column":10},"end":{"line":206,"column":39}},"69":{"start":{"line":210,"column":4},"end":{"line":210,"column":22}},"70":{"start":{"line":19,"column":0},"end":{"line":19,"column":null}},"71":{"start":{"line":20,"column":13},"end":{"line":20,"column":null}}},"fnMap":{"0":{"name":"globAsync","decl":{"start":{"line":14,"column":9},"end":{"line":14,"column":18}},"loc":{"start":{"line":14,"column":58},"end":{"line":18,"column":1}}},"1":{"name":"(anonymous_14)","decl":{"start":{"line":15,"column":31},"end":{"line":15,"column":32}},"loc":{"start":{"line":16,"column":4},"end":{"line":16,"column":74}}},"2":{"name":"(anonymous_15)","decl":{"start":{"line":16,"column":35},"end":{"line":16,"column":36}},"loc":{"start":{"line":16,"column":46},"end":{"line":16,"column":72}}},"3":{"name":"(anonymous_16)","decl":{"start":{"line":33,"column":2},"end":{"line":33,"column":null}},"loc":{"start":{"line":41,"column":40},"end":{"line":42,"column":6}}},"4":{"name":"(anonymous_17)","decl":{"start":{"line":43,"column":8},"end":{"line":43,"column":12}},"loc":{"start":{"line":43,"column":12},"end":{"line":70,"column":null}}},"5":{"name":"(anonymous_19)","decl":{"start":{"line":71,"column":2},"end":{"line":71,"column":7}},"loc":{"start":{"line":71,"column":34},"end":{"line":150,"column":3}}},"6":{"name":"(anonymous_20)","decl":{"start":{"line":75,"column":6},"end":{"line":75,"column":13}},"loc":{"start":{"line":75,"column":34},"end":{"line":90,"column":null}}},"7":{"name":"(anonymous_21)","decl":{"start":{"line":75,"column":34},"end":{"line":75,"column":null}},"loc":{"start":{"line":75,"column":34},"end":{"line":90,"column":7}}},"8":{"name":"(anonymous_22)","decl":{"start":{"line":94,"column":6},"end":{"line":94,"column":7}},"loc":{"start":{"line":94,"column":22},"end":{"line":112,"column":7}}},"9":{"name":"(anonymous_23)","decl":{"start":{"line":115,"column":59},"end":{"line":115,"column":68}},"loc":{"start":{"line":115,"column":70},"end":{"line":117,"column":6}}},"10":{"name":"(anonymous_24)","decl":{"start":{"line":115,"column":70},"end":{"line":115,"column":null}},"loc":{"start":{"line":115,"column":70},"end":{"line":117,"column":5}}},"11":{"name":"(anonymous_25)","decl":{"start":{"line":121,"column":6},"end":{"line":121,"column":9}},"loc":{"start":{"line":121,"column":11},"end":{"line":148,"column":7}}},"12":{"name":"(anonymous_26)","decl":{"start":{"line":123,"column":33},"end":{"line":123,"column":42}},"loc":{"start":{"line":123,"column":44},"end":{"line":147,"column":10}}},"13":{"name":"(anonymous_27)","decl":{"start":{"line":123,"column":44},"end":{"line":123,"column":null}},"loc":{"start":{"line":123,"column":44},"end":{"line":147,"column":9}}},"14":{"name":"(anonymous_28)","decl":{"start":{"line":142,"column":27},"end":{"line":142,"column":28}},"loc":{"start":{"line":142,"column":40},"end":{"line":145,"column":13}}},"15":{"name":"(anonymous_29)","decl":{"start":{"line":151,"column":16},"end":{"line":151,"column":34}},"loc":{"start":{"line":153,"column":30},"end":{"line":211,"column":null}}},"16":{"name":"(anonymous_31)","decl":{"start":{"line":177,"column":21},"end":{"line":177,"column":22}},"loc":{"start":{"line":177,"column":30},"end":{"line":207,"column":9}}}},"branchMap":{"0":{"loc":{"start":{"line":16,"column":46},"end":{"line":16,"column":72}},"type":"cond-expr","locations":[{"start":{"line":16
[...]
,"/home/runner/work/angular-miniprogram/angular-miniprogram/src/builder/util/run-script.ts": {"path":"/home/runner/work/angular-miniprogram/angular-miniprogram/src/builder/util/run-script.ts","statementMap":{"0":{"start":{"line":2,"column":0},"end":{"line":2,"column":20}},"1":{"start":{"line":5,"column":2},"end":{"line":9,"column":3}},"2":{"start":{"line":6,"column":4},"end":{"line":6,"column":45}},"3":{"start":{"line":8,"column":4},"end":{"line":8,"column":28}},"4":{"start":{"line":4,"column":0},"end":{"line":4,"column":16}}},"fnMap":{"0":{"name":"runScript","decl":{"start":{"line":4,"column":16},"end":{"line":4,"column":25}},"loc":{"start":{"line":4,"column":60},"end":{"line":10,"column":1}}}},"branchMap":{},"s":{"0":1,"1":664,"2":664,"3":0,"4":1},"f":{"0":664},"b":{}}
,"/home/runner/work/angular-miniprogram/angular-miniprogram/src/library/platform/default/agent-node.ts": {"path":"/home/runner/work/angular-miniprogram/angular-miniprogram/src/library/platform/default/agent-node.ts","statementMap":{"0":{"start":{"line":18,"column":21},"end":{"line":18,"column":57}},"1":{"start":{"line":11,"column":2},"end":{"line":11,"column":41}},"2":{"start":{"line":12,"column":2},"end":{"line":12,"column":37}},"3":{"start":{"line":13,"column":2},"end":{"line":13,"column":41}},"4":{"start":{"line":14,"column":2},"end":{"line":14,"column":32}},"5":{"start":{"line":16,"column":2},"end":{"line":16,"column":29}},"6":{"start":{"line":17,"column":2},"end":{"line":17,"column":42}},"7":{"start":{"line":20,"column":27},"end":{"line":20,"column":51}},"8":{"start":{"line":21,"column":4},"end":{"line":21,"column":30}},"9":{"start":{"line":22,"column":4},"end":{"line":22,"column":24}},"10":{"start":{"line":23,"column":4},"end":{"line":25,"column":5}},"11":{"start":{"line":24,"column":6},"end":{"line":24,"column":56}},"12":{"start":{"line":28,"column":22},"end":{"line":28,"column":33}},"13":{"start":{"line":29,"column":4},"end":{"line":35,"column":5}},"14":{"start":{"line":30,"column":20},"end":{"line":30,"column":73}},"15":{"start":{"line":30,"column":59},"end":{"line":30,"column":72}},"16":{"start":{"line":31,"column":6},"end":{"line":33,"column":7}},"17":{"start":{"line":32,"column":8},"end":{"line":32,"column":49}},"18":{"start":{"line":34,"column":6},"end":{"line":34,"column":42}},"19":{"start":{"line":36,"column":4},"end":{"line":36,"column":29}},"20":{"start":{"line":39,"column":21},"end":{"line":39,"column":73}},"21":{"start":{"line":39,"column":55},"end":{"line":39,"column":72}},"22":{"start":{"line":40,"column":4},"end":{"line":42,"column":5}},"23":{"start":{"line":41,"column":6},"end":{"line":41,"column":45}},"24":{"start":{"line":44,"column":4},"end":{"line":49,"column":5}},"25":{"start":{"line":45,"column":6},"end":{"line":45,"column":38}},"26":{"start":{"line":47,"column":6},"end":{"line":47,"column":57}},"27":{"start":{"line":48,"column":6},"end":{"line":48,"column":38}},"28":{"start":{"line":50,"column":4},"end":{"line":50,"column":48}},"29":{"start":{"line":53,"column":18},"end":{"line":53,"column":67}},"30":{"start":{"line":53,"column":52},"end":{"line":53,"column":66}},"31":{"start":{"line":54,"column":4},"end":{"line":62,"column":5}},"32":{"start":{"line":55,"column":6},"end":{"line":55,"column":28}},"33":{"start":{"line":56,"column":11},"end":{"line":62,"column":5}},"34":{"start":{"line":57,"column":6},"end":{"line":57,"column":55}},"35":{"start":{"line":58,"column":6},"end":{"line":58,"column":26}},"36":{"start":{"line":60,"column":6},"end":{"line":60,"column":70}},"37":{"start":{"line":61,"column":6},"end":{"line":61,"column":37}},"38":{"start":{"line":63,"column":4},"end":{"line":63,"column":34}},"39":{"start":{"line":64,"column":4},"end":{"line":64,"column":29}},"40":{"start":{"line":67,"column":4},"end":{"line":83,"column":5}},"41":{"start":{"line":68,"column":6},"end":{"line":68,"column":35}},"42":{"start":{"line":70,"column":6},"end":{"line":82,"column":8}},"43":{"start":{"line":77,"column":37},"end":{"line":77,"column":56}},"44":{"start":{"line":6,"column":0},"end":{"line":6,"column":13}}},"fnMap":{"0":{"name":"(anonymous_0)","decl":{"start":{"line":18,"column":2},"end":{"line":18,"column":21}},"loc":{"start":{"line":18,"column":57},"end":{"line":18,"column":61}}},"1":{"name":"(anonymous_1)","decl":{"start":{"line":19,"column":2},"end":{"line":19,"column":13}},"loc":{"start":{"line":19,"column":30},"end":{"line":26,"column":3}}},"2":{"name":"(anonymous_2)","decl":{"start":{"line":27,"column":2},"end":{"line":27,"column":11}},"loc":{"start":{"line":27,"column":29},"end":{"line":37,"column":3}}},"3":{"name":"(anonymous_3)","decl":{"start":{"line":30,"column":49},"end":{"line":30,"column":50}},"loc":{"start":{"line":30,"column":59},"end":{"line":30,"column":72}}},"4":{"name":"(anonymous_4)","decl":{"start":{"line":38,"column":2},"end":{"line":38,"column":14}},"loc":{"start":{"line":38,"column":55},"end":{"line":51,"column":3}}},"5":{"name":"(anonymous_5)","decl":{"start":{"line":39,"column":45},"end":{"line":39,"column":46}},"loc":{"start":{"line":39,"column":55},"end":{"line":39,"column":72}}},"6":{"name":"(anonymous_6)","decl":{"start":{"line":52,"column":2},"end":{"line":52,"column":13}},"loc":{"start":{"line":52,"column":30},"end":{"line":65,"column":3}}},"7":{"name":"(anonymous_7)","decl":{"start":{"line":53,"column":42},"end":{"line":53,"column":43}},"loc":{"start":{"line":53,"column":52},"end":{"line":53,"column":66}}},"8":{"name":"(anonymous_8)","decl":{"start":{"line":66,"column":2},"end":{"line":66,"column":8}},"loc":{"start":{"line":66,"column":8},"end":{"line":84,"column":3}}},"9":{"name":"(anonymous_9)","decl":{"start":{"line":77,"column":17},"end":{"line":77,"column":18}},"loc":{"start":{"line":77,"column":37},"end":{"line":77,"column":56}}}},"branchMap":{"0":{"loc":{"start":{"line":23,"column":4},"end":{"line":25,"column":5}},"type":"if","locations":[{"start":{"line":23,"column":4},"end":{"line":25,"column":5}},{"start":{"line":23,"column":4},"end":{"line":25,"column":5}}]},"1":{"loc":{"start":{"line":29,"column":4},"end":{"line":35,"column":5}},"type":"if","locations":[{"start":{"line":29,"column":4},"end":{"line":35,"column":5}},{"start":{"line":29,"column":4},"end":{"line":35,"column":5}}]},"2":{"loc":{"start":{"line":31,"column":6},"end":{"line":33,"column":7}},"type":"if","locations":[{"start":{"line":31,"column":6},"end":{"line":33,"column":7}},{"start":{"line":31,"column":6},"end":{"line":33,"column":7}}]},"3":{"loc":{"start":{"line":40,"column":4},"end":{"line":42,"column":5}},"type":"if","locations":[{"start":{"line":40,"column":4},"end":{"line":42,"column":5}},{"start":{"line":40,"column":4},"end":{"line":42,"column":5}}]},"4":{"loc":{"start":{"line":44,"column":4},"end":{"line":49,"column":5}},"type":"if","locations":[{"start":{"line":44,"column":4},"end":{"line":49,"column":5}},{"start":{"line":44,"column":4},"end":{"line":49,"column":5}}]},"5":{"loc":{"start":{"line":54,"column":4},"end":{"line":62,"column":5}},"type":"if","locations":[{"start":{"line":54,"column":4},"end":{"line":62,"column":5}},{"start":{"line":54,"column":4},"end":{"line":62,"column":5}}]},"6":{"loc":{"start":{"line":56,"column":11},"end":{"line":62,"column":5}},"type":"if","locations":[{"start":{"line":56,"column":11},"end":{"line":62,"column":5}},{"start":{"line":56,"column":11},"end":{"line":62,"column":5}}]},"7":{"loc":{"start":{"line":67,"column":4},"end":{"line":83,"column":5}},"type":"if","locations":[{"start":{"line":67,"column":4},"end":{"line":83,"column":5}},{"start":{"line":67,"column":4},"end":{"line":83,"column":5}}]},"8":{"loc":{"start":{"line":73,"column":11},"end":{"line":73,"column":65}},"type":"cond-expr","locations":[{"start":{"line":73,"column":34},"end":{"line":73,"column":60}},{"start":{"line":73,"column":63},"end":{"line":73,"column":65}}]},"9":{"loc":{"start":{"line":79,"column":11},"end":{"line":79,"column":65}},"type":"cond-expr","locations":[{"start":{"line":79,"column":34},"end":{"line":79,"column":60}},{"start":{"line":79,"column":63},"end":{"line":79,"column":65}}]}},"s":{"0":16,"1":16,"2":16,"3":16,"4":16,"5":16,"6":16,"7":8,"8":8,"9":8,"10":8,"11":3,"12":1,"13":1,"14":1,"15":1,"16":1,"17":0,"18":1,"19":1,"20":2,"21":3,"22":2,"23":0,"24":2,"25":1,"26":1,"27":1,"28":2,"29":3,"30":5,"31":3,"32":1,"33":2,"34":1,"35":1,"36":1,"37":1,"38":3,"39":3,"40":2,"41":1,"42":1,"43":1,"44":1},"f":{"0":16,"1":8,"2":1,"3":1,"4":2,"5":3,"6":3,"7":5,"8":2,"9":1},"b":{"0":[3,5],"1":[1,0],"2":[0,1],"3":[0,2],"4":[1,1],"5":[1,2],"6":[1,1],"7":[1,1],"8":[0,1],"9":[1,0]}}
,"/home/runner/work/angular-miniprogram/angular-miniprogram/src/library/platform/default/diff-node-data.ts": {"path":"/home/runner/work/angular-miniprogram/angular-miniprogram/src/library/platform/default/diff-node-data.ts","statementMap":{"0":{"start":{"line":12,"column":2},"end":{"line":47,"column":3}},"1":{"start":{"line":13,"column":19},"end":{"line":13,"column":58}},"2":{"start":{"line":14,"column":4},"end":{"line":21,"column":5}},"3":{"start":{"line":15,"column":6},"end":{"line":20,"column":7}},"4":{"start":{"line":16,"column":8},"end":{"line":16,"column":16}},"5":{"start":{"line":17,"column":8},"end":{"line":17,"column":38}},"6":{"start":{"line":19,"column":8},"end":{"line":19,"column":61}},"7":{"start":{"line":22,"column":4},"end":{"line":22,"column":42}},"8":{"start":{"line":23,"column":9},"end":{"line":47,"column":3}},"9":{"start":{"line":29,"column":19},"end":{"line":32,"column":null}},"10":{"start":{"line":34,"column":4},"end":{"line":41,"column":5}},"11":{"start":{"line":35,"column":6},"end":{"line":40,"column":7}},"12":{"start":{"line":36,"column":8},"end":{"line":36,"column":16}},"13":{"start":{"line":37,"column":8},"end":{"line":37,"column":38}},"14":{"start":{"line":39,"column":8},"end":{"line":39,"column":61}},"15":{"start":{"line":42,"column":4},"end":{"line":42,"column":42}},"16":{"start":{"line":43,"column":9},"end":{"line":47,"column":3}},"17":{"start":{"line":44,"column":4},"end":{"line":44,"column":34}},"18":{"start":{"line":45,"column":4},"end":{"line":45,"column":12}},"19":{"start":{"line":46,"column":4},"end":{"line":46,"column":42}},"20":{"start":{"line":48,"column":2},"end":{"line":48,"column":40}},"21":{"start":{"line":55,"column":20},"end":{"line":55,"column":35}},"22":{"start":{"line":56,"column":46},"end":{"line":56,"column":48}},"23":{"start":{"line":57,"column":16},"end":{"line":57,"column":33}},"24":{"start":{"line":58,"column":14},"end":{"line":58,"column":15}},"25":{"start":{"line":59,"column":2},"end":{"line":61,"column":3}},"26":{"start":{"line":60,"column":4},"end":{"line":60,"column":31}},"27":{"start":{"line":63,"column":2},"end":{"line":77,"column":3}},"28":{"start":{"line":63,"column":19},"end":{"line":63,"column":20}},"29":{"start":{"line":64,"column":16},"end":{"line":64,"column":32}},"30":{"start":{"line":65,"column":21},"end":{"line":65,"column":30}},"31":{"start":{"line":66,"column":19},"end":{"line":66,"column":26}},"32":{"start":{"line":67,"column":26},"end":{"line":67,"column":51}},"33":{"start":{"line":68,"column":19},"end":{"line":73,"column":null}},"34":{"start":{"line":75,"column":4},"end":{"line":75,"column":25}},"35":{"start":{"line":76,"column":4},"end":{"line":76,"column":39}},"36":{"start":{"line":78,"column":2},"end":{"line":80,"column":3}},"37":{"start":{"line":79,"column":4},"end":{"line":79,"column":31}},"38":{"start":{"line":81,"column":2},"end":{"line":81,"column":52}},"39":{"start":{"line":88,"column":46},"end":{"line":88,"column":48}},"40":{"start":{"line":90,"column":2},"end":{"line":92,"column":3}},"41":{"start":{"line":91,"column":4},"end":{"line":91,"column":31}},"42":{"start":{"line":93,"column":14},"end":{"line":93,"column":15}},"43":{"start":{"line":94,"column":2},"end":{"line":107,"column":3}},"44":{"start":{"line":94,"column":15},"end":{"line":94,"column":16}},"45":{"start":{"line":95,"column":21},"end":{"line":95,"column":28}},"46":{"start":{"line":96,"column":19},"end":{"line":96,"column":24}},"47":{"start":{"line":97,"column":26},"end":{"line":97,"column":43}},"48":{"start":{"line":98,"column":19},"end":{"line":103,"column":null}},"49":{"start":{"line":105,"column":4},"end":{"line":105,"column":25}},"50":{"start":{"line":106,"column":4},"end":{"line":106,"column":39}},"51":{"start":{"line":108,"column":2},"end":{"line":112,"column":3}},"52":{"start":{"line":109,"column":4},"end":{"line":111,"column":6}},"53":{"start":{"line":113,"column":2},"end":{"line":113,"column":52}},"54":{"start":{"line":119,"column":17},"end":{"line":119,"column":45}},"55":{"start":{"line":120,"column":2},"end":{"line":122,"column":3}},"56":{"start":{"line":121,"column":4},"end":{"line":121,"column":14}},"57":{"start":{"line":123,"column":2},"end":{"line":123,"column":24}},"58":{"start":{"line":115,"column":0},"end":{"line":115,"column":16}}},"fnMap":{"0":{"name":"_arrayOrObjectItemDiff","decl":{"start":{"line":5,"column":9},"end":{"line":5,"column":31}},"loc":{"start":{"line":10,"column":39},"end":{"line":49,"column":1}}},"1":{"name":"diffDataObject","decl":{"start":{"line":50,"column":9},"end":{"line":50,"column":23}},"loc":{"start":{"line":53,"column":16},"end":{"line":82,"column":1}}},"2":{"name":"diffDataArray","decl":{"start":{"line":83,"column":9},"end":{"line":83,"column":22}},"loc":{"start":{"line":86,"column":16},"end":{"line":114,"column":1}}},"3":{"name":"diffNodeData","decl":{"start":{"line":115,"column":16},"end":{"line":115,"column":28}},"loc":{"start":{"line":117,"column":29},"end":{"line":124,"column":1}}}},"branchMap":{"0":{"loc":{"start":{"line":12,"column":2},"end":{"line":47,"column":3}},"type":"if","locations":[{"start":{"line":12,"column":2},"end":{"line":47,"column":3}},{"start":{"line":12,"column":2},"end":{"line":47,"column":3}}]},"1":{"loc":{"start":{"line":12,"column":6},"end":{"line":12,"column":58}},"type":"binary-expr","locations":[{"start":{"line":12,"column":6},"end":{"line":12,"column":31}},{"start":{"line":12,"column":35},"end":{"line":12,"column":58}}]},"2":{"loc":{"start":{"line":14,"column":4},"end":{"line":21,"column":5}},"type":"if","locations":[{"start":{"line":14,"column":4},"end":{"line":21,"column":5}},{"start":{"line":14,"column":4},"end":{"line":21,"column":5}}]},"3":{"loc":{"start":{"line":14,"column":8},"end":{"line":14,"column":41}},"type":"binary-expr","locations":[{"start":{"line":14,"column":8},"end":{"line":14,"column":24}},{"start":{"line":14,"column":28},"end":{"line":14,"column":41}}]},"4":{"loc":{"start":{"line":15,"column":6},"end":{"line":20,"column":7}},"type":"if","locations":[{"start":{"line":15,"column":6},"end":{"line":20,"column":7}},{"start":{"line":15,"column":6},"end":{"line":20,"column":7}}]},"5":{"loc":{"start":{"line":23,"column":9},"end":{"line":47,"column":3}},"type":"if","locations":[{"start":{"line":23,"column":9},"end":{"line":47,"column":3}},{"start":{"line":23,"column":9},"end":{"line":47,"column":3}}]},"6":{"loc":{"start":{"line":24,"column":4},"end":{"line":27,"column":19}},"type":"binary-expr","locations":[{"start":{"line":24,"column":4},"end":{"line":24,"column":32}},{"start":{"line":25,"column":4},"end":{"line":25,"column":21}},{"start":{"line":26,"column":4},"end":{"line":26,"column":30}},{"start":{"line":27,"column":4},"end":{"line":27,"column":19}}]},"7":{"loc":{"start":{"line":34,"column":4},"end":{"line":41,"column":5}},"type":"if","locations":[{"start":{"line":34,"column":4},"end":{"line":41,"column":5}},{"start":{"line":34,"column":4},"end":{"line":41,"column":5}}]},"8":{"loc":{"start":{"line":34,"column":8},"end":{"line":34,"column":41}},"type":"binary-expr","locations":[{"start":{"line":34,"column":8},"end":{"line":34,"column":24}},{"start":{"line":34,"column":28},"end":{"line":34,"column":41}}]},"9":{"loc":{"start":{"line":35,"column":6},"end":{"line":40,"column":7}},"type":"if","locations":[{"start":{"line":35,"column":6},"end":{"line":40,"column":7}},{"start":{"line":35,"column":6},"end":{"line":40,"column":7}}]},"10":{"loc":{"start":{"line":43,"column":9},"end":{"line":47,"column":3}},"type":"if","locations":[{"start":{"line":43,"column":9},"end":{"line":47,"column":3}},{"start":{"line":43,"column":9},"end":{"line":47,"column":3}}]},"11":{"loc":{"start":{"line":57,"column":16},"end":{"line":57,"column":33}},"type":"cond-expr","locations":[{"start":{"line":57,"column":25},"end":{"line":57,"column":28}},{"start":{"line":57,"column":31},"end":{"line":57,"column":33}}]},"12":{"loc":{"start":{"line":59,"column":2},"end":{"line":61,"column":3}},"type":"if","locations":[{"start":{"line":59,"column":2},"end":{"line":61,"column":3}},{"start":{"line":59,"column":2},"end":{"line":61,"column":3}}]},"13":{"loc":{"start":{"line":78,"column":2},"end":{"line":80,"column":3}},"type":"if","locations":[{"start":{"line":78,"column":2},"end":{"line":80,"column":3}},{"start":{"line":78,"column":2},"end":{"line":80,"column":3}}]},"14":{"loc":{"start":{"line":78,"column":6},"end":{"line":78,"column":58}},"type":"binary-expr","locations":[{"start":{"line":78,"column":6},"end":{"line":78,"column":32}},{"start":{"line":78,"column":36},"end":{"line":78,"column":58}}]},"15":{"loc":{"start":{"line":90,"column":2},"end":{"line":92,"column":3}},"type":"if","locations":[{"start":{"line":90,"column":2},"end":{"line":92,"column":3}},{"start":{"line":90,"column":2},"end":{"line":92,"column":3}}]},"16":{"loc":{"start":{"line":108,"column":2},"end":{"line":112,"column":3}},"type":"if","locations":[{"start":{"line":108,"column":2},"end":{"line":112,"column":3}},{"start":{"line":108,"column":2},"end":{"line":112,"column":3}}]},"17":{"loc":{"start":{"line":108,"column":6},"end":{"line":108,"column":44}},"type":"binary-expr","locations":[{"start":{"line":108,"column":6},"end":{"line":108,"column":25}},{"start":{"line":108,"column":29},"end":{"line":108,"column":44}}]},"18":{"loc":{"start":{"line":120,"column":2},"end":{"line":122,"column":3}},"type":"if","locations":[{"start":{"line":120,"column":2},"end":{"line":122,"column":3}},{"start":{"line":120,"column":2},"end":{"line":122,"column":3}}]}},"s":{"0":23,"1":4,"2":4,"3":4,"4":3,"5":3,"6":1,"7":4,"8":19,"9":4,"10":4,"11":4,"12":3,"13":3,"14":1,"15":4,"16":15,"17":6,"18":6,"19":6,"20":9,"21":18,"22":18,"23":18,"24":18,"25":18,"26":5,"27":13,"28":13,"29":20,"30":20,"31":20,"32":20,"33":20,"34":20,"35":20,"36":13,"37":3,"38":10,"39":4,"40":4,"41":2,"42":2,"43":2,"44":2,"45":3,"46":3,"47":3,"48":3,"49":3,"50":3,"51":2,"52":1,"53":1,"54":14,"55":14,"56":5,"57":9,"58":1},"f":{"0":23,"1":18,"2":4,"3":14},"b":{"0":[4,19],"1":[23,4],"2":[4,0],"3":[4,1],"4":[3,1],"5":[4,15],"6":[19,4,4,4],"7":[4,0],"8":[4,1],"9":[3,1],"10":[6,9],"11":[4,14],"12":[5,13],"13":[3,10],"14":[13,4],"15":[2,2],"16":[1,1],"17":[2,1],"18":[5,9]}}
}
