{"total": {"lines":{"total":1856,"covered":1701,"skipped":0,"pct":91.64},"statements":{"total":1885,"covered":1728,"skipped":0,"pct":91.67},"functions":{"total":409,"covered":343,"skipped":0,"pct":83.86},"branches":{"total":820,"covered":645,"skipped":0,"pct":78.65},"branchesTrue":{"total":0,"covered":0,"skipped":0,"pct":100}}
,"/home/runner/work/angular-miniprogram/angular-miniprogram/src/builder/application/const.ts": {"lines":{"total":4,"covered":4,"skipped":0,"pct":100},"functions":{"total":0,"covered":0,"skipped":0,"pct":100},"statements":{"total":4,"covered":4,"skipped":0,"pct":100},"branches":{"total":0,"covered":0,"skipped":0,"pct":100}}
,"/home/runner/work/angular-miniprogram/angular-miniprogram/src/builder/application/index.ts": {"lines":{"total":16,"covered":15,"skipped":0,"pct":93.75},"functions":{"total":5,"covered":4,"skipped":0,"pct":80},"statements":{"total":16,"covered":15,"skipped":0,"pct":93.75},"branches":{"total":0,"covered":0,"skipped":0,"pct":100}}
,"/home/runner/work/angular-miniprogram/angular-miniprogram/src/builder/application/library-template-scope.service.ts": {"lines":{"total":28,"covered":28,"skipped":0,"pct":100},"functions":{"total":9,"covered":9,"skipped":0,"pct":100},"statements":{"total":28,"covered":28,"skipped":0,"pct":100},"branches":{"total":10,"covered":8,"skipped":0,"pct":80}}
,"/home/runner/work/angular-miniprogram/angular-miniprogram/src/builder/application/mini-program-application-analysis.service.ts": {"lines":{"total":152,"covered":141,"skipped":0,"pct":92.76},"functions":{"total":33,"covered":29,"skipped":0,"pct":87.87},"statements":{"total":153,"covered":142,"skipped":0,"pct":92.81},"branches":{"total":46,"covered":36,"skipped":0,"pct":78.26}}
,"/home/runner/work/angular-miniprogram/angular-miniprogram/src/builder/application/token.ts": {"lines":{"total":7,"covered":7,"skipped":0,"pct":100},"functions":{"total":0,"covered":0,"skipped":0,"pct":100},"statements":{"total":7,"covered":7,"skipped":0,"pct":100},"branches":{"total":0,"covered":0,"skipped":0,"pct":100}}
,"/home/runner/work/angular-miniprogram/angular-miniprogram/src/builder/application/webpack-configuration-change.service.ts": {"lines":{"total":86,"covered":85,"skipped":0,"pct":98.83},"functions":{"total":23,"covered":23,"skipped":0,"pct":100},"statements":{"total":86,"covered":85,"skipped":0,"pct":98.83},"branches":{"total":75,"covered":62,"skipped":0,"pct":82.66}}
,"/home/runner/work/angular-miniprogram/angular-miniprogram/src/builder/application/loader/component-template.loader.ts": {"lines":{"total":8,"covered":8,"skipped":0,"pct":100},"functions":{"total":1,"covered":1,"skipped":0,"pct":100},"statements":{"total":8,"covered":8,"skipped":0,"pct":100},"branches":{"total":4,"covered":4,"skipped":0,"pct":100}}
,"/home/runner/work/angular-miniprogram/angular-miniprogram/src/builder/application/loader/library-template.loader.ts": {"lines":{"total":25,"covered":19,"skipped":0,"pct":76},"functions":{"total":1,"covered":1,"skipped":0,"pct":100},"statements":{"total":25,"covered":19,"skipped":0,"pct":76},"branches":{"total":6,"covered":3,"skipped":0,"pct":50}}
,"/home/runner/work/angular-miniprogram/angular-miniprogram/src/builder/application/loader/library.loader.ts": {"lines":{"total":46,"covered":44,"skipped":0,"pct":95.65},"functions":{"total":2,"covered":2,"skipped":0,"pct":100},"statements":{"total":47,"covered":45,"skipped":0,"pct":95.74},"branches":{"total":16,"covered":12,"skipped":0,"pct":75}}
,"/home/runner/work/angular-miniprogram/angular-miniprogram/src/builder/application/plugin/dynamic-library-entry.plugin.ts": {"lines":{"total":40,"covered":38,"skipped":0,"pct":95},"functions":{"total":9,"covered":9,"skipped":0,"pct":100},"statements":{"total":40,"covered":38,"skipped":0,"pct":95},"branches":{"total":20,"covered":16,"skipped":0,"pct":80}}
,"/home/runner/work/angular-miniprogram/angular-miniprogram/src/builder/application/plugin/dynamic-watch-entry.plugin.ts": {"lines":{"total":69,"covered":67,"skipped":0,"pct":97.1},"functions":{"total":17,"covered":17,"skipped":0,"pct":100},"statements":{"total":72,"covered":70,"skipped":0,"pct":97.22},"branches":{"total":30,"covered":19,"skipped":0,"pct":63.33}}
,"/home/runner/work/angular-miniprogram/angular-miniprogram/src/builder/application/plugin/export-mini-program-assets.plugin.ts": {"lines":{"total":83,"covered":80,"skipped":0,"pct":96.38},"functions":{"total":18,"covered":18,"skipped":0,"pct":100},"statements":{"total":84,"covered":81,"skipped":0,"pct":96.42},"branches":{"total":20,"covered":14,"skipped":0,"pct":70}}
,"/home/runner/work/angular-miniprogram/angular-miniprogram/src/builder/application/util/index.ts": {"lines":{"total":1,"covered":1,"skipped":0,"pct":100},"functions":{"total":0,"covered":0,"skipped":0,"pct":100},"statements":{"total":1,"covered":1,"skipped":0,"pct":100},"branches":{"total":0,"covered":0,"skipped":0,"pct":100}}
,"/home/runner/work/angular-miniprogram/angular-miniprogram/src/builder/application/util/set-compilation-asset.ts": {"lines":{"total":4,"covered":4,"skipped":0,"pct":100},"functions":{"total":1,"covered":1,"skipped":0,"pct":100},"statements":{"total":4,"covered":4,"skipped":0,"pct":100},"branches":{"total":2,"covered":2,"skipped":0,"pct":100}}
,"/home/runner/work/angular-miniprogram/angular-miniprogram/src/builder/component-template-inject/change-component.ts": {"lines":{"total":27,"covered":27,"skipped":0,"pct":100},"functions":{"total":1,"covered":1,"skipped":0,"pct":100},"statements":{"total":27,"covered":27,"skipped":0,"pct":100},"branches":{"total":6,"covered":6,"skipped":0,"pct":100}}
,"/home/runner/work/angular-miniprogram/angular-miniprogram/src/builder/karma/index.origin.ts": {"lines":{"total":55,"covered":13,"skipped":0,"pct":23.63},"functions":{"total":15,"covered":0,"skipped":0,"pct":0},"statements":{"total":57,"covered":13,"skipped":0,"pct":22.8},"branches":{"total":45,"covered":0,"skipped":0,"pct":0}}
,"/home/runner/work/angular-miniprogram/angular-miniprogram/src/builder/karma/index.ts": {"lines":{"total":20,"covered":8,"skipped":0,"pct":40},"functions":{"total":5,"covered":0,"skipped":0,"pct":0},"statements":{"total":20,"covered":8,"skipped":0,"pct":40},"branches":{"total":0,"covered":0,"skipped":0,"pct":100}}
,"/home/runner/work/angular-miniprogram/angular-miniprogram/src/builder/library/add-declaration-metadata.service.ts": {"lines":{"total":46,"covered":46,"skipped":0,"pct":100},"functions":{"total":10,"covered":10,"skipped":0,"pct":100},"statements":{"total":49,"covered":49,"skipped":0,"pct":100},"branches":{"total":22,"covered":22,"skipped":0,"pct":100}}
,"/home/runner/work/angular-miniprogram/angular-miniprogram/src/builder/library/builder.ts": {"lines":{"total":23,"covered":21,"skipped":0,"pct":91.3},"functions":{"total":5,"covered":4,"skipped":0,"pct":80},"statements":{"total":23,"covered":21,"skipped":0,"pct":91.3},"branches":{"total":10,"covered":6,"skipped":0,"pct":60}}
,"/home/runner/work/angular-miniprogram/angular-miniprogram/src/builder/library/compile-ngc.transform.ts": {"lines":{"total":28,"covered":26,"skipped":0,"pct":92.85},"functions":{"total":3,"covered":3,"skipped":0,"pct":100},"statements":{"total":30,"covered":28,"skipped":0,"pct":93.33},"branches":{"total":14,"covered":10,"skipped":0,"pct":71.42}}
,"/home/runner/work/angular-miniprogram/angular-miniprogram/src/builder/library/compile-source-files.ts": {"lines":{"total":107,"covered":84,"skipped":0,"pct":78.5},"functions":{"total":5,"covered":4,"skipped":0,"pct":80},"statements":{"total":107,"covered":84,"skipped":0,"pct":78.5},"branches":{"total":51,"covered":29,"skipped":0,"pct":56.86}}
,"/home/runner/work/angular-miniprogram/angular-miniprogram/src/builder/library/const.ts": {"lines":{"total":6,"covered":6,"skipped":0,"pct":100},"functions":{"total":0,"covered":0,"skipped":0,"pct":100},"statements":{"total":6,"covered":6,"skipped":0,"pct":100},"branches":{"total":0,"covered":0,"skipped":0,"pct":100}}
,"/home/runner/work/angular-miniprogram/angular-miniprogram/src/builder/library/get-library-path.ts": {"lines":{"total":4,"covered":4,"skipped":0,"pct":100},"functions":{"total":1,"covered":1,"skipped":0,"pct":100},"statements":{"total":4,"covered":4,"skipped":0,"pct":100},"branches":{"total":0,"covered":0,"skipped":0,"pct":100}}
,"/home/runner/work/angular-miniprogram/angular-miniprogram/src/builder/library/index.ts": {"lines":{"total":2,"covered":2,"skipped":0,"pct":100},"functions":{"total":0,"covered":0,"skipped":0,"pct":100},"statements":{"total":2,"covered":2,"skipped":0,"pct":100},"branches":{"total":0,"covered":0,"skipped":0,"pct":100}}
,"/home/runner/work/angular-miniprogram/angular-miniprogram/src/builder/library/merge-using-component-path.ts": {"lines":{"total":11,"covered":11,"skipped":0,"pct":100},"functions":{"total":3,"covered":3,"skipped":0,"pct":100},"statements":{"total":11,"covered":11,"skipped":0,"pct":100},"branches":{"total":0,"covered":0,"skipped":0,"pct":100}}
,"/home/runner/work/angular-miniprogram/angular-miniprogram/src/builder/library/ng-packagr-factory.ts": {"lines":{"total":14,"covered":14,"skipped":0,"pct":100},"functions":{"total":3,"covered":3,"skipped":0,"pct":100},"statements":{"total":16,"covered":16,"skipped":0,"pct":100},"branches":{"total":2,"covered":1,"skipped":0,"pct":50}}
,"/home/runner/work/angular-miniprogram/angular-miniprogram/src/builder/library/output-template-metadata.service.ts": {"lines":{"total":41,"covered":29,"skipped":0,"pct":70.73},"functions":{"total":8,"covered":7,"skipped":0,"pct":87.5},"statements":{"total":42,"covered":30,"skipped":0,"pct":71.42},"branches":{"total":14,"covered":9,"skipped":0,"pct":64.28}}
,"/home/runner/work/angular-miniprogram/angular-miniprogram/src/builder/library/remove-publish-only.ts": {"lines":{"total":18,"covered":18,"skipped":0,"pct":100},"functions":{"total":4,"covered":4,"skipped":0,"pct":100},"statements":{"total":19,"covered":19,"skipped":0,"pct":100},"branches":{"total":2,"covered":1,"skipped":0,"pct":50}}
,"/home/runner/work/angular-miniprogram/angular-miniprogram/src/builder/library/setup-component-data.service.ts": {"lines":{"total":31,"covered":31,"skipped":0,"pct":100},"functions":{"total":4,"covered":4,"skipped":0,"pct":100},"statements":{"total":32,"covered":32,"skipped":0,"pct":100},"branches":{"total":12,"covered":9,"skipped":0,"pct":75}}
,"/home/runner/work/angular-miniprogram/angular-miniprogram/src/builder/library/stylesheet-processor.ts": {"lines":{"total":7,"covered":7,"skipped":0,"pct":100},"functions":{"total":3,"covered":3,"skipped":0,"pct":100},"statements":{"total":7,"covered":7,"skipped":0,"pct":100},"branches":{"total":0,"covered":0,"skipped":0,"pct":100}}
,"/home/runner/work/angular-miniprogram/angular-miniprogram/src/builder/library/token.ts": {"lines":{"total":4,"covered":4,"skipped":0,"pct":100},"functions":{"total":0,"covered":0,"skipped":0,"pct":100},"statements":{"total":4,"covered":4,"skipped":0,"pct":100},"branches":{"total":0,"covered":0,"skipped":0,"pct":100}}
,"/home/runner/work/angular-miniprogram/angular-miniprogram/src/builder/mini-program-compiler/component-compiler.service.ts": {"lines":{"total":15,"covered":15,"skipped":0,"pct":100},"functions":{"total":5,"covered":5,"skipped":0,"pct":100},"statements":{"total":17,"covered":17,"skipped":0,"pct":100},"branches":{"total":2,"covered":2,"skipped":0,"pct":100}}
,"/home/runner/work/angular-miniprogram/angular-miniprogram/src/builder/mini-program-compiler/index.ts": {"lines":{"total":4,"covered":4,"skipped":0,"pct":100},"functions":{"total":0,"covered":0,"skipped":0,"pct":100},"statements":{"total":4,"covered":4,"skipped":0,"pct":100},"branches":{"total":0,"covered":0,"skipped":0,"pct":100}}
,"/home/runner/work/angular-miniprogram/angular-miniprogram/src/builder/mini-program-compiler/meta-collection.ts": {"lines":{"total":9,"covered":9,"skipped":0,"pct":100},"functions":{"total":4,"covered":4,"skipped":0,"pct":100},"statements":{"total":9,"covered":9,"skipped":0,"pct":100},"branches":{"total":0,"covered":0,"skipped":0,"pct":100}}
,"/home/runner/work/angular-miniprogram/angular-miniprogram/src/builder/mini-program-compiler/mini-program-compiler.service.ts": {"lines":{"total":91,"covered":89,"skipped":0,"pct":97.8},"functions":{"total":16,"covered":16,"skipped":0,"pct":100},"statements":{"total":91,"covered":89,"skipped":0,"pct":97.8},"branches":{"total":40,"covered":30,"skipped":0,"pct":75}}
,"/home/runner/work/angular-miniprogram/angular-miniprogram/src/builder/mini-program-compiler/parse-node/bound-text.ts": {"lines":{"total":7,"covered":7,"skipped":0,"pct":100},"functions":{"total":2,"covered":2,"skipped":0,"pct":100},"statements":{"total":7,"covered":7,"skipped":0,"pct":100},"branches":{"total":0,"covered":0,"skipped":0,"pct":100}}
,"/home/runner/work/angular-miniprogram/angular-miniprogram/src/builder/mini-program-compiler/parse-node/component-context.ts": {"lines":{"total":25,"covered":25,"skipped":0,"pct":100},"functions":{"total":3,"covered":3,"skipped":0,"pct":100},"statements":{"total":25,"covered":25,"skipped":0,"pct":100},"branches":{"total":50,"covered":47,"skipped":0,"pct":94}}
,"/home/runner/work/angular-miniprogram/angular-miniprogram/src/builder/mini-program-compiler/parse-node/content.ts": {"lines":{"total":15,"covered":14,"skipped":0,"pct":93.33},"functions":{"total":3,"covered":3,"skipped":0,"pct":100},"statements":{"total":15,"covered":14,"skipped":0,"pct":93.33},"branches":{"total":4,"covered":3,"skipped":0,"pct":75}}
,"/home/runner/work/angular-miniprogram/angular-miniprogram/src/builder/mini-program-compiler/parse-node/element.ts": {"lines":{"total":34,"covered":34,"skipped":0,"pct":100},"functions":{"total":10,"covered":10,"skipped":0,"pct":100},"statements":{"total":34,"covered":34,"skipped":0,"pct":100},"branches":{"total":12,"covered":12,"skipped":0,"pct":100}}
,"/home/runner/work/angular-miniprogram/angular-miniprogram/src/builder/mini-program-compiler/parse-node/index.ts": {"lines":{"total":3,"covered":3,"skipped":0,"pct":100},"functions":{"total":0,"covered":0,"skipped":0,"pct":100},"statements":{"total":3,"covered":3,"skipped":0,"pct":100},"branches":{"total":0,"covered":0,"skipped":0,"pct":100}}
,"/home/runner/work/angular-miniprogram/angular-miniprogram/src/builder/mini-program-compiler/parse-node/interface.ts": {"lines":{"total":6,"covered":6,"skipped":0,"pct":100},"functions":{"total":1,"covered":1,"skipped":0,"pct":100},"statements":{"total":6,"covered":6,"skipped":0,"pct":100},"branches":{"total":2,"covered":2,"skipped":0,"pct":100}}
,"/home/runner/work/angular-miniprogram/angular-miniprogram/src/builder/mini-program-compiler/parse-node/template-definition.ts": {"lines":{"total":106,"covered":84,"skipped":0,"pct":79.24},"functions":{"total":61,"covered":25,"skipped":0,"pct":40.98},"statements":{"total":107,"covered":85,"skipped":0,"pct":79.43},"branches":{"total":24,"covered":23,"skipped":0,"pct":95.83}}
,"/home/runner/work/angular-miniprogram/angular-miniprogram/src/builder/mini-program-compiler/parse-node/template.ts": {"lines":{"total":15,"covered":15,"skipped":0,"pct":100},"functions":{"total":5,"covered":5,"skipped":0,"pct":100},"statements":{"total":15,"covered":15,"skipped":0,"pct":100},"branches":{"total":4,"covered":4,"skipped":0,"pct":100}}
,"/home/runner/work/angular-miniprogram/angular-miniprogram/src/builder/mini-program-compiler/parse-node/text.ts": {"lines":{"total":7,"covered":7,"skipped":0,"pct":100},"functions":{"total":2,"covered":2,"skipped":0,"pct":100},"statements":{"total":7,"covered":7,"skipped":0,"pct":100},"branches":{"total":0,"covered":0,"skipped":0,"pct":100}}
,"/home/runner/work/angular-miniprogram/angular-miniprogram/src/builder/platform/index.ts": {"lines":{"total":3,"covered":3,"skipped":0,"pct":100},"functions":{"total":0,"covered":0,"skipped":0,"pct":100},"statements":{"total":3,"covered":3,"skipped":0,"pct":100},"branches":{"total":0,"covered":0,"skipped":0,"pct":100}}
,"/home/runner/work/angular-miniprogram/angular-miniprogram/src/builder/platform/platform-inject-config.ts": {"lines":{"total":28,"covered":27,"skipped":0,"pct":96.42},"functions":{"total":1,"covered":1,"skipped":0,"pct":100},"statements":{"total":28,"covered":27,"skipped":0,"pct":96.42},"branches":{"total":9,"covered":8,"skipped":0,"pct":88.88}}
,"/home/runner/work/angular-miniprogram/angular-miniprogram/src/builder/platform/platform.ts": {"lines":{"total":14,"covered":14,"skipped":0,"pct":100},"functions":{"total":3,"covered":2,"skipped":0,"pct":66.66},"statements":{"total":14,"covered":14,"skipped":0,"pct":100},"branches":{"total":4,"covered":2,"skipped":0,"pct":50}}
,"/home/runner/work/angular-miniprogram/angular-miniprogram/src/builder/platform/bd/bdzn-platform.ts": {"lines":{"total":13,"covered":13,"skipped":0,"pct":100},"functions":{"total":2,"covered":2,"skipped":0,"pct":100},"statements":{"total":13,"covered":13,"skipped":0,"pct":100},"branches":{"total":2,"covered":2,"skipped":0,"pct":100}}
,"/home/runner/work/angular-miniprogram/angular-miniprogram/src/builder/platform/bd/bdzn.transform.ts": {"lines":{"total":7,"covered":7,"skipped":0,"pct":100},"functions":{"total":2,"covered":2,"skipped":0,"pct":100},"statements":{"total":7,"covered":7,"skipped":0,"pct":100},"branches":{"total":4,"covered":4,"skipped":0,"pct":100}}
,"/home/runner/work/angular-miniprogram/angular-miniprogram/src/builder/platform/dd/dd-platform.ts": {"lines":{"total":13,"covered":13,"skipped":0,"pct":100},"functions":{"total":2,"covered":2,"skipped":0,"pct":100},"statements":{"total":13,"covered":13,"skipped":0,"pct":100},"branches":{"total":2,"covered":2,"skipped":0,"pct":100}}
,"/home/runner/work/angular-miniprogram/angular-miniprogram/src/builder/platform/dd/dd.transform.ts": {"lines":{"total":5,"covered":5,"skipped":0,"pct":100},"functions":{"total":2,"covered":2,"skipped":0,"pct":100},"statements":{"total":5,"covered":5,"skipped":0,"pct":100},"branches":{"total":4,"covered":4,"skipped":0,"pct":100}}
,"/home/runner/work/angular-miniprogram/angular-miniprogram/src/builder/platform/jd/jd-platform.ts": {"lines":{"total":13,"covered":13,"skipped":0,"pct":100},"functions":{"total":2,"covered":2,"skipped":0,"pct":100},"statements":{"total":13,"covered":13,"skipped":0,"pct":100},"branches":{"total":2,"covered":2,"skipped":0,"pct":100}}
,"/home/runner/work/angular-miniprogram/angular-miniprogram/src/builder/platform/jd/jd.transform.ts": {"lines":{"total":5,"covered":5,"skipped":0,"pct":100},"functions":{"total":2,"covered":2,"skipped":0,"pct":100},"statements":{"total":5,"covered":5,"skipped":0,"pct":100},"branches":{"total":4,"covered":4,"skipped":0,"pct":100}}
,"/home/runner/work/angular-miniprogram/angular-miniprogram/src/builder/platform/library/library-platform.ts": {"lines":{"total":11,"covered":11,"skipped":0,"pct":100},"functions":{"total":2,"covered":2,"skipped":0,"pct":100},"statements":{"total":11,"covered":11,"skipped":0,"pct":100},"branches":{"total":2,"covered":2,"skipped":0,"pct":100}}
,"/home/runner/work/angular-miniprogram/angular-miniprogram/src/builder/platform/library/library.transform.ts": {"lines":{"total":8,"covered":8,"skipped":0,"pct":100},"functions":{"total":3,"covered":3,"skipped":0,"pct":100},"statements":{"total":8,"covered":8,"skipped":0,"pct":100},"branches":{"total":4,"covered":4,"skipped":0,"pct":100}}
,"/home/runner/work/angular-miniprogram/angular-miniprogram/src/builder/platform/qq/qq-platform.ts": {"lines":{"total":13,"covered":13,"skipped":0,"pct":100},"functions":{"total":2,"covered":2,"skipped":0,"pct":100},"statements":{"total":13,"covered":13,"skipped":0,"pct":100},"branches":{"total":2,"covered":2,"skipped":0,"pct":100}}
,"/home/runner/work/angular-miniprogram/angular-miniprogram/src/builder/platform/qq/qq.transform.ts": {"lines":{"total":5,"covered":5,"skipped":0,"pct":100},"functions":{"total":2,"covered":2,"skipped":0,"pct":100},"statements":{"total":5,"covered":5,"skipped":0,"pct":100},"branches":{"total":4,"covered":4,"skipped":0,"pct":100}}
,"/home/runner/work/angular-miniprogram/angular-miniprogram/src/builder/platform/template-transform-strategy/transform.base.ts": {"lines":{"total":3,"covered":3,"skipped":0,"pct":100},"functions":{"total":1,"covered":1,"skipped":0,"pct":100},"statements":{"total":3,"covered":3,"skipped":0,"pct":100},"branches":{"total":2,"covered":1,"skipped":0,"pct":50}}
,"/home/runner/work/angular-miniprogram/angular-miniprogram/src/builder/platform/template-transform-strategy/wx-like/wx-container.ts": {"lines":{"total":104,"covered":101,"skipped":0,"pct":97.11},"functions":{"total":30,"covered":29,"skipped":0,"pct":96.66},"statements":{"total":105,"covered":102,"skipped":0,"pct":97.14},"branches":{"total":125,"covered":117,"skipped":0,"pct":93.6}}
,"/home/runner/work/angular-miniprogram/angular-miniprogram/src/builder/platform/template-transform-strategy/wx-like/wx-transform.base.ts": {"lines":{"total":39,"covered":38,"skipped":0,"pct":97.43},"functions":{"total":10,"covered":10,"skipped":0,"pct":100},"statements":{"total":39,"covered":38,"skipped":0,"pct":97.43},"branches":{"total":6,"covered":5,"skipped":0,"pct":83.33}}
,"/home/runner/work/angular-miniprogram/angular-miniprogram/src/builder/platform/util/type-predicate.ts": {"lines":{"total":11,"covered":11,"skipped":0,"pct":100},"functions":{"total":5,"covered":5,"skipped":0,"pct":100},"statements":{"total":11,"covered":11,"skipped":0,"pct":100},"branches":{"total":0,"covered":0,"skipped":0,"pct":100}}
,"/home/runner/work/angular-miniprogram/angular-miniprogram/src/builder/platform/wx/wx-platform.ts": {"lines":{"total":13,"covered":13,"skipped":0,"pct":100},"functions":{"total":2,"covered":2,"skipped":0,"pct":100},"statements":{"total":13,"covered":13,"skipped":0,"pct":100},"branches":{"total":2,"covered":2,"skipped":0,"pct":100}}
,"/home/runner/work/angular-miniprogram/angular-miniprogram/src/builder/platform/wx/wx.transform.ts": {"lines":{"total":5,"covered":5,"skipped":0,"pct":100},"functions":{"total":2,"covered":2,"skipped":0,"pct":100},"statements":{"total":5,"covered":5,"skipped":0,"pct":100},"branches":{"total":4,"covered":4,"skipped":0,"pct":100}}
,"/home/runner/work/angular-miniprogram/angular-miniprogram/src/builder/platform/zfb/zfb-platform.ts": {"lines":{"total":13,"covered":13,"skipped":0,"pct":100},"functions":{"total":2,"covered":2,"skipped":0,"pct":100},"statements":{"total":13,"covered":13,"skipped":0,"pct":100},"branches":{"total":2,"covered":2,"skipped":0,"pct":100}}
,"/home/runner/work/angular-miniprogram/angular-miniprogram/src/builder/platform/zfb/zfb.transform.ts": {"lines":{"total":15,"covered":15,"skipped":0,"pct":100},"functions":{"total":3,"covered":3,"skipped":0,"pct":100},"statements":{"total":15,"covered":15,"skipped":0,"pct":100},"branches":{"total":8,"covered":8,"skipped":0,"pct":100}}
,"/home/runner/work/angular-miniprogram/angular-miniprogram/src/builder/platform/zjtd/zj-platform.ts": {"lines":{"total":13,"covered":13,"skipped":0,"pct":100},"functions":{"total":2,"covered":2,"skipped":0,"pct":100},"statements":{"total":13,"covered":13,"skipped":0,"pct":100},"branches":{"total":2,"covered":2,"skipped":0,"pct":100}}
,"/home/runner/work/angular-miniprogram/angular-miniprogram/src/builder/platform/zjtd/zj.transform.ts": {"lines":{"total":5,"covered":5,"skipped":0,"pct":100},"functions":{"total":2,"covered":2,"skipped":0,"pct":100},"statements":{"total":5,"covered":5,"skipped":0,"pct":100},"branches":{"total":4,"covered":4,"skipped":0,"pct":100}}
,"/home/runner/work/angular-miniprogram/angular-miniprogram/src/builder/token/component.token.ts": {"lines":{"total":2,"covered":2,"skipped":0,"pct":100},"functions":{"total":0,"covered":0,"skipped":0,"pct":100},"statements":{"total":2,"covered":2,"skipped":0,"pct":100},"branches":{"total":0,"covered":0,"skipped":0,"pct":100}}
,"/home/runner/work/angular-miniprogram/angular-miniprogram/src/builder/util/index.ts": {"lines":{"total":5,"covered":5,"skipped":0,"pct":100},"functions":{"total":0,"covered":0,"skipped":0,"pct":100},"statements":{"total":5,"covered":5,"skipped":0,"pct":100},"branches":{"total":0,"covered":0,"skipped":0,"pct":100}}
,"/home/runner/work/angular-miniprogram/angular-miniprogram/src/builder/util/library-template-scope-name.ts": {"lines":{"total":3,"covered":3,"skipped":0,"pct":100},"functions":{"total":1,"covered":1,"skipped":0,"pct":100},"statements":{"total":3,"covered":3,"skipped":0,"pct":100},"branches":{"total":0,"covered":0,"skipped":0,"pct":100}}
,"/home/runner/work/angular-miniprogram/angular-miniprogram/src/builder/util/literal-resolve.ts": {"lines":{"total":3,"covered":3,"skipped":0,"pct":100},"functions":{"total":1,"covered":1,"skipped":0,"pct":100},"statements":{"total":3,"covered":3,"skipped":0,"pct":100},"branches":{"total":0,"covered":0,"skipped":0,"pct":100}}
,"/home/runner/work/angular-miniprogram/angular-miniprogram/src/builder/util/load_esm.ts": {"lines":{"total":6,"covered":5,"skipped":0,"pct":83.33},"functions":{"total":1,"covered":1,"skipped":0,"pct":100},"statements":{"total":6,"covered":5,"skipped":0,"pct":83.33},"branches":{"total":2,"covered":1,"skipped":0,"pct":50}}
,"/home/runner/work/angular-miniprogram/angular-miniprogram/src/builder/util/raw-updater.ts": {"lines":{"total":24,"covered":24,"skipped":0,"pct":100},"functions":{"total":6,"covered":6,"skipped":0,"pct":100},"statements":{"total":26,"covered":26,"skipped":0,"pct":100},"branches":{"total":15,"covered":14,"skipped":0,"pct":93.33}}
,"/home/runner/work/angular-miniprogram/angular-miniprogram/src/builder/util/run-script.ts": {"lines":{"total":5,"covered":4,"skipped":0,"pct":80},"functions":{"total":1,"covered":1,"skipped":0,"pct":100},"statements":{"total":5,"covered":4,"skipped":0,"pct":80},"branches":{"total":0,"covered":0,"skipped":0,"pct":100}}
,"/home/runner/work/angular-miniprogram/angular-miniprogram/src/library/platform/default/agent-node.ts": {"lines":{"total":42,"covered":40,"skipped":0,"pct":95.23},"functions":{"total":10,"covered":10,"skipped":0,"pct":100},"statements":{"total":45,"covered":43,"skipped":0,"pct":95.55},"branches":{"total":20,"covered":15,"skipped":0,"pct":75}}
,"/home/runner/work/angular-miniprogram/angular-miniprogram/src/library/platform/default/diff-node-data.ts": {"lines":{"total":57,"covered":57,"skipped":0,"pct":100},"functions":{"total":4,"covered":4,"skipped":0,"pct":100},"statements":{"total":59,"covered":59,"skipped":0,"pct":100},"branches":{"total":40,"covered":38,"skipped":0,"pct":95}}
}
